{"/Users/duyet/Documents/thuc_tap_nodejs/project_2/apps/auth/src/auth.controller.ts": {"path":"/Users/duyet/Documents/thuc_tap_nodejs/project_2/apps/auth/src/auth.controller.ts","statementMap":{"0":{"start":{"line":1,"column":0},"end":{"line":1,"column":44}},"1":{"start":{"line":2,"column":0},"end":{"line":2,"column":45}},"2":{"start":{"line":3,"column":0},"end":{"line":3,"column":64}},"3":{"start":{"line":15,"column":7},"end":{"line":75,"column":null}},"4":{"start":{"line":16,"column":31},"end":{"line":16,"column":44}},"5":{"start":{"line":21,"column":4},"end":{"line":21,"column":48}},"6":{"start":{"line":26,"column":4},"end":{"line":26,"column":44}},"7":{"start":{"line":33,"column":4},"end":{"line":33,"column":50}},"8":{"start":{"line":38,"column":4},"end":{"line":38,"column":48}},"9":{"start":{"line":43,"column":4},"end":{"line":43,"column":47}},"10":{"start":{"line":48,"column":4},"end":{"line":48,"column":44}},"11":{"start":{"line":53,"column":4},"end":{"line":53,"column":49}},"12":{"start":{"line":59,"column":4},"end":{"line":59,"column":52}},"13":{"start":{"line":66,"column":4},"end":{"line":66,"column":54}},"14":{"start":{"line":73,"column":4},"end":{"line":73,"column":51}},"15":{"start":{"line":15,"column":13},"end":{"line":15,"column":27}},"16":{"start":{"line":20,"column":2},"end":{"line":22,"column":null}},"17":{"start":{"line":25,"column":2},"end":{"line":27,"column":null}},"18":{"start":{"line":30,"column":2},"end":{"line":34,"column":null}},"19":{"start":{"line":37,"column":2},"end":{"line":39,"column":null}},"20":{"start":{"line":42,"column":2},"end":{"line":44,"column":null}},"21":{"start":{"line":47,"column":2},"end":{"line":49,"column":null}},"22":{"start":{"line":52,"column":2},"end":{"line":54,"column":null}},"23":{"start":{"line":56,"column":2},"end":{"line":60,"column":null}},"24":{"start":{"line":63,"column":2},"end":{"line":67,"column":null}},"25":{"start":{"line":70,"column":2},"end":{"line":74,"column":null}},"26":{"start":{"line":15,"column":13},"end":{"line":75,"column":null}}},"fnMap":{"0":{"name":"(anonymous_4)","decl":{"start":{"line":16,"column":2},"end":{"line":16,"column":31}},"loc":{"start":{"line":16,"column":55},"end":{"line":16,"column":59}}},"1":{"name":"(anonymous_5)","decl":{"start":{"line":20,"column":2},"end":{"line":20,"column":7}},"loc":{"start":{"line":20,"column":74},"end":{"line":22,"column":3}}},"2":{"name":"(anonymous_6)","decl":{"start":{"line":25,"column":2},"end":{"line":25,"column":8}},"loc":{"start":{"line":25,"column":60},"end":{"line":27,"column":3}}},"3":{"name":"(anonymous_7)","decl":{"start":{"line":30,"column":2},"end":{"line":30,"column":10}},"loc":{"start":{"line":31,"column":74},"end":{"line":34,"column":3}}},"4":{"name":"(anonymous_8)","decl":{"start":{"line":37,"column":2},"end":{"line":37,"column":8}},"loc":{"start":{"line":37,"column":75},"end":{"line":39,"column":3}}},"5":{"name":"(anonymous_9)","decl":{"start":{"line":42,"column":2},"end":{"line":42,"column":11}},"loc":{"start":{"line":42,"column":76},"end":{"line":44,"column":3}}},"6":{"name":"(anonymous_10)","decl":{"start":{"line":47,"column":2},"end":{"line":47,"column":12}},"loc":{"start":{"line":47,"column":64},"end":{"line":49,"column":3}}},"7":{"name":"(anonymous_11)","decl":{"start":{"line":52,"column":2},"end":{"line":52,"column":13}},"loc":{"start":{"line":52,"column":65},"end":{"line":54,"column":3}}},"8":{"name":"(anonymous_12)","decl":{"start":{"line":56,"column":2},"end":{"line":56,"column":16}},"loc":{"start":{"line":57,"column":78},"end":{"line":60,"column":3}}},"9":{"name":"(anonymous_13)","decl":{"start":{"line":63,"column":2},"end":{"line":63,"column":18}},"loc":{"start":{"line":64,"column":72},"end":{"line":67,"column":3}}},"10":{"name":"(anonymous_14)","decl":{"start":{"line":70,"column":2},"end":{"line":70,"column":15}},"loc":{"start":{"line":71,"column":76},"end":{"line":74,"column":3}}}},"branchMap":{},"s":{"0":1,"1":1,"2":1,"3":1,"4":41,"5":5,"6":2,"7":2,"8":3,"9":3,"10":2,"11":2,"12":2,"13":2,"14":2,"15":1,"16":1,"17":1,"18":1,"19":1,"20":1,"21":1,"22":1,"23":1,"24":1,"25":1,"26":1},"f":{"0":41,"1":5,"2":2,"3":2,"4":3,"5":3,"6":2,"7":2,"8":2,"9":2,"10":2},"b":{}}
,"/Users/duyet/Documents/thuc_tap_nodejs/project_2/apps/auth/src/auth.module.ts": {"path":"/Users/duyet/Documents/thuc_tap_nodejs/project_2/apps/auth/src/auth.module.ts","statementMap":{"0":{"start":{"line":1,"column":0},"end":{"line":1,"column":40}},"1":{"start":{"line":2,"column":0},"end":{"line":2,"column":51}},"2":{"start":{"line":3,"column":0},"end":{"line":3,"column":45}},"3":{"start":{"line":4,"column":0},"end":{"line":4,"column":61}},"4":{"start":{"line":5,"column":0},"end":{"line":5,"column":48}},"5":{"start":{"line":6,"column":0},"end":{"line":6,"column":40}},"6":{"start":{"line":7,"column":0},"end":{"line":7,"column":59}},"7":{"start":{"line":8,"column":0},"end":{"line":8,"column":43}},"8":{"start":{"line":9,"column":0},"end":{"line":9,"column":42}},"9":{"start":{"line":54,"column":7},"end":{"line":54,"column":null}},"10":{"start":{"line":54,"column":13},"end":{"line":54,"column":23}},"11":{"start":{"line":54,"column":13},"end":{"line":54,"column":null}},"12":{"start":{"line":20,"column":53},"end":{"line":25,"column":8}},"13":{"start":{"line":31,"column":53},"end":{"line":36,"column":8}},"14":{"start":{"line":42,"column":53},"end":{"line":47,"column":8}}},"fnMap":{"0":{"name":"(anonymous_1)","decl":{"start":{"line":20,"column":18},"end":{"line":20,"column":19}},"loc":{"start":{"line":20,"column":53},"end":{"line":25,"column":8}}},"1":{"name":"(anonymous_2)","decl":{"start":{"line":31,"column":18},"end":{"line":31,"column":19}},"loc":{"start":{"line":31,"column":53},"end":{"line":36,"column":8}}},"2":{"name":"(anonymous_3)","decl":{"start":{"line":42,"column":18},"end":{"line":42,"column":19}},"loc":{"start":{"line":42,"column":53},"end":{"line":47,"column":8}}}},"branchMap":{},"s":{"0":0,"1":0,"2":0,"3":0,"4":0,"5":0,"6":0,"7":0,"8":0,"9":0,"10":0,"11":0,"12":0,"13":0,"14":0},"f":{"0":0,"1":0,"2":0},"b":{}}
,"/Users/duyet/Documents/thuc_tap_nodejs/project_2/apps/auth/src/auth.service.ts": {"path":"/Users/duyet/Documents/thuc_tap_nodejs/project_2/apps/auth/src/auth.service.ts","statementMap":{"0":{"start":{"line":1,"column":0},"end":{"line":1,"column":60}},"1":{"start":{"line":2,"column":0},"end":{"line":2,"column":51}},"2":{"start":{"line":3,"column":0},"end":{"line":3,"column":47}},"3":{"start":{"line":4,"column":0},"end":{"line":4,"column":41}},"4":{"start":{"line":5,"column":0},"end":{"line":5,"column":37}},"5":{"start":{"line":6,"column":0},"end":{"line":6,"column":null}},"6":{"start":{"line":13,"column":0},"end":{"line":13,"column":42}},"7":{"start":{"line":14,"column":0},"end":{"line":14,"column":53}},"8":{"start":{"line":15,"column":0},"end":{"line":15,"column":61}},"9":{"start":{"line":16,"column":0},"end":{"line":16,"column":36}},"10":{"start":{"line":17,"column":0},"end":{"line":17,"column":null}},"11":{"start":{"line":22,"column":0},"end":{"line":22,"column":43}},"12":{"start":{"line":24,"column":0},"end":{"line":24,"column":33}},"13":{"start":{"line":31,"column":24},"end":{"line":605,"column":null}},"14":{"start":{"line":32,"column":28},"end":{"line":32,"column":56}},"15":{"start":{"line":36,"column":21},"end":{"line":36,"column":37}},"16":{"start":{"line":37,"column":21},"end":{"line":37,"column":33}},"17":{"start":{"line":38,"column":21},"end":{"line":38,"column":27}},"18":{"start":{"line":39,"column":44},"end":{"line":39,"column":58}},"19":{"start":{"line":40,"column":44},"end":{"line":40,"column":61}},"20":{"start":{"line":44,"column":36},"end":{"line":44,"column":43}},"21":{"start":{"line":45,"column":32},"end":{"line":45,"column":45}},"22":{"start":{"line":47,"column":4},"end":{"line":137,"column":5}},"23":{"start":{"line":48,"column":6},"end":{"line":48,"column":65}},"24":{"start":{"line":50,"column":20},"end":{"line":53,"column":8}},"25":{"start":{"line":55,"column":6},"end":{"line":61,"column":7}},"26":{"start":{"line":56,"column":8},"end":{"line":56,"column":77}},"27":{"start":{"line":57,"column":8},"end":{"line":60,"column":11}},"28":{"start":{"line":64,"column":6},"end":{"line":70,"column":7}},"29":{"start":{"line":65,"column":8},"end":{"line":65,"column":69}},"30":{"start":{"line":66,"column":8},"end":{"line":69,"column":11}},"31":{"start":{"line":73,"column":6},"end":{"line":79,"column":7}},"32":{"start":{"line":74,"column":8},"end":{"line":74,"column":68}},"33":{"start":{"line":75,"column":8},"end":{"line":78,"column":11}},"34":{"start":{"line":81,"column":33},"end":{"line":81,"column":79}},"35":{"start":{"line":82,"column":6},"end":{"line":88,"column":7}},"36":{"start":{"line":83,"column":8},"end":{"line":83,"column":79}},"37":{"start":{"line":84,"column":8},"end":{"line":87,"column":11}},"38":{"start":{"line":90,"column":25},"end":{"line":96,"column":8}},"39":{"start":{"line":97,"column":26},"end":{"line":97,"column":58}},"40":{"start":{"line":99,"column":6},"end":{"line":99,"column":68}},"41":{"start":{"line":100,"column":6},"end":{"line":113,"column":8}},"42":{"start":{"line":115,"column":6},"end":{"line":117,"column":7}},"43":{"start":{"line":116,"column":8},"end":{"line":116,"column":20}},"44":{"start":{"line":118,"column":6},"end":{"line":121,"column":8}},"45":{"start":{"line":123,"column":25},"end":{"line":123,"column":67}},"46":{"start":{"line":124,"column":6},"end":{"line":131,"column":7}},"47":{"start":{"line":125,"column":8},"end":{"line":125,"column":65}},"48":{"start":{"line":127,"column":8},"end":{"line":130,"column":10}},"49":{"start":{"line":133,"column":6},"end":{"line":136,"column":9}},"50":{"start":{"line":141,"column":28},"end":{"line":141,"column":35}},"51":{"start":{"line":143,"column":4},"end":{"line":178,"column":5}},"52":{"start":{"line":144,"column":41},"end":{"line":144,"column":70}},"53":{"start":{"line":145,"column":6},"end":{"line":150,"column":7}},"54":{"start":{"line":146,"column":8},"end":{"line":149,"column":11}},"55":{"start":{"line":152,"column":27},"end":{"line":152,"column":70}},"56":{"start":{"line":153,"column":6},"end":{"line":159,"column":7}},"57":{"start":{"line":154,"column":8},"end":{"line":154,"column":78}},"58":{"start":{"line":155,"column":8},"end":{"line":158,"column":10}},"59":{"start":{"line":161,"column":6},"end":{"line":165,"column":8}},"60":{"start":{"line":166,"column":6},"end":{"line":166,"column":77}},"61":{"start":{"line":168,"column":6},"end":{"line":171,"column":8}},"62":{"start":{"line":173,"column":6},"end":{"line":173,"column":72}},"63":{"start":{"line":174,"column":6},"end":{"line":177,"column":9}},"64":{"start":{"line":185,"column":38},"end":{"line":185,"column":45}},"65":{"start":{"line":186,"column":38},"end":{"line":186,"column":53}},"66":{"start":{"line":188,"column":25},"end":{"line":188,"column":71}},"67":{"start":{"line":189,"column":4},"end":{"line":194,"column":5}},"68":{"start":{"line":190,"column":6},"end":{"line":193,"column":9}},"69":{"start":{"line":196,"column":27},"end":{"line":196,"column":58}},"70":{"start":{"line":197,"column":30},"end":{"line":197,"column":38}},"71":{"start":{"line":199,"column":20},"end":{"line":206,"column":6}},"72":{"start":{"line":208,"column":22},"end":{"line":208,"column":61}},"73":{"start":{"line":210,"column":4},"end":{"line":226,"column":5}},"74":{"start":{"line":212,"column":6},"end":{"line":217,"column":9}},"75":{"start":{"line":218,"column":6},"end":{"line":220,"column":8}},"76":{"start":{"line":222,"column":6},"end":{"line":225,"column":8}},"77":{"start":{"line":228,"column":4},"end":{"line":231,"column":6}},"78":{"start":{"line":235,"column":36},"end":{"line":235,"column":43}},"79":{"start":{"line":236,"column":35},"end":{"line":236,"column":48}},"80":{"start":{"line":239,"column":23},"end":{"line":239,"column":61}},"81":{"start":{"line":240,"column":21},"end":{"line":240,"column":57}},"82":{"start":{"line":243,"column":22},"end":{"line":243,"column":59}},"83":{"start":{"line":244,"column":4},"end":{"line":252,"column":5}},"84":{"start":{"line":245,"column":6},"end":{"line":247,"column":8}},"85":{"start":{"line":248,"column":6},"end":{"line":251,"column":9}},"86":{"start":{"line":255,"column":17},"end":{"line":255,"column":76}},"87":{"start":{"line":258,"column":4},"end":{"line":285,"column":5}},"88":{"start":{"line":259,"column":30},"end":{"line":260,"column":null}},"89":{"start":{"line":262,"column":26},"end":{"line":262,"column":45}},"90":{"start":{"line":263,"column":6},"end":{"line":263,"column":72}},"91":{"start":{"line":266,"column":6},"end":{"line":266,"column":64}},"92":{"start":{"line":269,"column":6},"end":{"line":279,"column":7}},"93":{"start":{"line":270,"column":8},"end":{"line":272,"column":10}},"94":{"start":{"line":273,"column":8},"end":{"line":273,"column":59}},"95":{"start":{"line":274,"column":8},"end":{"line":274,"column":48}},"96":{"start":{"line":275,"column":8},"end":{"line":278,"column":11}},"97":{"start":{"line":281,"column":6},"end":{"line":284,"column":9}},"98":{"start":{"line":288,"column":4},"end":{"line":293,"column":5}},"99":{"start":{"line":289,"column":6},"end":{"line":292,"column":8}},"100":{"start":{"line":295,"column":4},"end":{"line":295,"column":36}},"101":{"start":{"line":296,"column":4},"end":{"line":296,"column":35}},"102":{"start":{"line":297,"column":4},"end":{"line":297,"column":41}},"103":{"start":{"line":300,"column":4},"end":{"line":300,"column":44}},"104":{"start":{"line":301,"column":4},"end":{"line":301,"column":42}},"105":{"start":{"line":302,"column":4},"end":{"line":305,"column":6}},"106":{"start":{"line":309,"column":35},"end":{"line":309,"column":42}},"107":{"start":{"line":310,"column":32},"end":{"line":310,"column":44}},"108":{"start":{"line":312,"column":4},"end":{"line":404,"column":5}},"109":{"start":{"line":313,"column":6},"end":{"line":313,"column":64}},"110":{"start":{"line":315,"column":19},"end":{"line":318,"column":8}},"111":{"start":{"line":320,"column":6},"end":{"line":326,"column":7}},"112":{"start":{"line":321,"column":8},"end":{"line":321,"column":77}},"113":{"start":{"line":322,"column":8},"end":{"line":325,"column":11}},"114":{"start":{"line":328,"column":6},"end":{"line":336,"column":7}},"115":{"start":{"line":329,"column":8},"end":{"line":331,"column":10}},"116":{"start":{"line":332,"column":8},"end":{"line":335,"column":11}},"117":{"start":{"line":339,"column":6},"end":{"line":345,"column":7}},"118":{"start":{"line":340,"column":8},"end":{"line":340,"column":68}},"119":{"start":{"line":341,"column":8},"end":{"line":344,"column":11}},"120":{"start":{"line":347,"column":33},"end":{"line":347,"column":78}},"121":{"start":{"line":348,"column":6},"end":{"line":354,"column":7}},"122":{"start":{"line":349,"column":8},"end":{"line":349,"column":79}},"123":{"start":{"line":350,"column":8},"end":{"line":353,"column":11}},"124":{"start":{"line":356,"column":25},"end":{"line":362,"column":8}},"125":{"start":{"line":363,"column":26},"end":{"line":363,"column":58}},"126":{"start":{"line":365,"column":6},"end":{"line":365,"column":67}},"127":{"start":{"line":366,"column":6},"end":{"line":379,"column":8}},"128":{"start":{"line":381,"column":6},"end":{"line":383,"column":7}},"129":{"start":{"line":382,"column":8},"end":{"line":382,"column":20}},"130":{"start":{"line":384,"column":6},"end":{"line":387,"column":8}},"131":{"start":{"line":390,"column":6},"end":{"line":398,"column":7}},"132":{"start":{"line":391,"column":8},"end":{"line":391,"column":65}},"133":{"start":{"line":393,"column":8},"end":{"line":396,"column":10}},"134":{"start":{"line":397,"column":8},"end":{"line":397,"column":74}},"135":{"start":{"line":400,"column":6},"end":{"line":403,"column":9}},"136":{"start":{"line":411,"column":33},"end":{"line":411,"column":40}},"137":{"start":{"line":412,"column":17},"end":{"line":414,"column":6}},"138":{"start":{"line":415,"column":21},"end":{"line":415,"column":29}},"139":{"start":{"line":416,"column":4},"end":{"line":416,"column":26}},"140":{"start":{"line":416,"column":14},"end":{"line":416,"column":26}},"141":{"start":{"line":417,"column":20},"end":{"line":424,"column":6}},"142":{"start":{"line":426,"column":4},"end":{"line":442,"column":5}},"143":{"start":{"line":428,"column":6},"end":{"line":433,"column":9}},"144":{"start":{"line":434,"column":6},"end":{"line":436,"column":8}},"145":{"start":{"line":438,"column":6},"end":{"line":441,"column":8}},"146":{"start":{"line":445,"column":4},"end":{"line":445,"column":45}},"147":{"start":{"line":449,"column":28},"end":{"line":449,"column":35}},"148":{"start":{"line":451,"column":17},"end":{"line":454,"column":6}},"149":{"start":{"line":456,"column":4},"end":{"line":466,"column":5}},"150":{"start":{"line":457,"column":6},"end":{"line":460,"column":9}},"151":{"start":{"line":461,"column":11},"end":{"line":466,"column":5}},"152":{"start":{"line":462,"column":6},"end":{"line":465,"column":9}},"153":{"start":{"line":468,"column":23},"end":{"line":474,"column":6}},"154":{"start":{"line":475,"column":24},"end":{"line":475,"column":56}},"155":{"start":{"line":477,"column":4},"end":{"line":490,"column":6}},"156":{"start":{"line":497,"column":40},"end":{"line":497,"column":47}},"157":{"start":{"line":498,"column":22},"end":{"line":498,"column":39}},"158":{"start":{"line":499,"column":17},"end":{"line":499,"column":63}},"159":{"start":{"line":501,"column":4},"end":{"line":509,"column":5}},"160":{"start":{"line":502,"column":6},"end":{"line":504,"column":8}},"161":{"start":{"line":505,"column":6},"end":{"line":508,"column":9}},"162":{"start":{"line":511,"column":23},"end":{"line":511,"column":31}},"163":{"start":{"line":512,"column":20},"end":{"line":512,"column":30}},"164":{"start":{"line":513,"column":4},"end":{"line":513,"column":63}},"165":{"start":{"line":515,"column":4},"end":{"line":515,"column":43}},"166":{"start":{"line":516,"column":4},"end":{"line":516,"column":42}},"167":{"start":{"line":517,"column":4},"end":{"line":517,"column":41}},"168":{"start":{"line":520,"column":4},"end":{"line":535,"column":5}},"169":{"start":{"line":521,"column":6},"end":{"line":526,"column":9}},"170":{"start":{"line":527,"column":6},"end":{"line":529,"column":8}},"171":{"start":{"line":531,"column":6},"end":{"line":534,"column":8}},"172":{"start":{"line":537,"column":4},"end":{"line":537,"column":77}},"173":{"start":{"line":538,"column":4},"end":{"line":541,"column":6}},"174":{"start":{"line":549,"column":37},"end":{"line":549,"column":44}},"175":{"start":{"line":550,"column":22},"end":{"line":550,"column":36}},"176":{"start":{"line":552,"column":17},"end":{"line":557,"column":6}},"177":{"start":{"line":559,"column":4},"end":{"line":564,"column":5}},"178":{"start":{"line":560,"column":6},"end":{"line":563,"column":9}},"179":{"start":{"line":566,"column":4},"end":{"line":569,"column":6}},"180":{"start":{"line":577,"column":39},"end":{"line":577,"column":46}},"181":{"start":{"line":578,"column":32},"end":{"line":578,"column":48}},"182":{"start":{"line":581,"column":17},"end":{"line":586,"column":6}},"183":{"start":{"line":587,"column":4},"end":{"line":592,"column":5}},"184":{"start":{"line":588,"column":6},"end":{"line":591,"column":9}},"185":{"start":{"line":594,"column":27},"end":{"line":594,"column":58}},"186":{"start":{"line":595,"column":4},"end":{"line":595,"column":35}},"187":{"start":{"line":596,"column":4},"end":{"line":596,"column":37}},"188":{"start":{"line":597,"column":4},"end":{"line":597,"column":39}},"189":{"start":{"line":598,"column":4},"end":{"line":598,"column":41}},"190":{"start":{"line":600,"column":4},"end":{"line":603,"column":6}},"191":{"start":{"line":31,"column":13},"end":{"line":31,"column":24}},"192":{"start":{"line":31,"column":13},"end":{"line":605,"column":null}}},"fnMap":{"0":{"name":"(anonymous_4)","decl":{"start":{"line":34,"column":2},"end":{"line":34,"column":null}},"loc":{"start":{"line":40,"column":61},"end":{"line":41,"column":6}}},"1":{"name":"(anonymous_5)","decl":{"start":{"line":43,"column":2},"end":{"line":43,"column":7}},"loc":{"start":{"line":43,"column":74},"end":{"line":138,"column":3}}},"2":{"name":"(anonymous_6)","decl":{"start":{"line":140,"column":2},"end":{"line":140,"column":7}},"loc":{"start":{"line":140,"column":55},"end":{"line":179,"column":3}}},"3":{"name":"(anonymous_7)","decl":{"start":{"line":181,"column":2},"end":{"line":181,"column":7}},"loc":{"start":{"line":184,"column":3},"end":{"line":232,"column":3}}},"4":{"name":"(anonymous_8)","decl":{"start":{"line":234,"column":2},"end":{"line":234,"column":7}},"loc":{"start":{"line":234,"column":74},"end":{"line":306,"column":3}}},"5":{"name":"(anonymous_9)","decl":{"start":{"line":308,"column":2},"end":{"line":308,"column":7}},"loc":{"start":{"line":308,"column":71},"end":{"line":405,"column":3}}},"6":{"name":"(anonymous_10)","decl":{"start":{"line":407,"column":2},"end":{"line":407,"column":7}},"loc":{"start":{"line":410,"column":3},"end":{"line":446,"column":3}}},"7":{"name":"(anonymous_11)","decl":{"start":{"line":448,"column":2},"end":{"line":448,"column":7}},"loc":{"start":{"line":448,"column":60},"end":{"line":491,"column":3}}},"8":{"name":"(anonymous_12)","decl":{"start":{"line":493,"column":2},"end":{"line":493,"column":7}},"loc":{"start":{"line":496,"column":3},"end":{"line":542,"column":3}}},"9":{"name":"(anonymous_13)","decl":{"start":{"line":545,"column":2},"end":{"line":545,"column":7}},"loc":{"start":{"line":548,"column":3},"end":{"line":570,"column":3}}},"10":{"name":"(anonymous_14)","decl":{"start":{"line":573,"column":2},"end":{"line":573,"column":7}},"loc":{"start":{"line":576,"column":3},"end":{"line":604,"column":3}}}},"branchMap":{"0":{"loc":{"start":{"line":55,"column":6},"end":{"line":61,"column":7}},"type":"if","locations":[{"start":{"line":55,"column":6},"end":{"line":61,"column":7}}]},"1":{"loc":{"start":{"line":64,"column":6},"end":{"line":70,"column":7}},"type":"if","locations":[{"start":{"line":64,"column":6},"end":{"line":70,"column":7}}]},"2":{"loc":{"start":{"line":64,"column":10},"end":{"line":64,"column":52}},"type":"binary-expr","locations":[{"start":{"line":64,"column":10},"end":{"line":64,"column":21}},{"start":{"line":64,"column":25},"end":{"line":64,"column":52}}]},"3":{"loc":{"start":{"line":73,"column":6},"end":{"line":79,"column":7}},"type":"if","locations":[{"start":{"line":73,"column":6},"end":{"line":79,"column":7}}]},"4":{"loc":{"start":{"line":82,"column":6},"end":{"line":88,"column":7}},"type":"if","locations":[{"start":{"line":82,"column":6},"end":{"line":88,"column":7}}]},"5":{"loc":{"start":{"line":115,"column":6},"end":{"line":117,"column":7}},"type":"if","locations":[{"start":{"line":115,"column":6},"end":{"line":117,"column":7}}]},"6":{"loc":{"start":{"line":145,"column":6},"end":{"line":150,"column":7}},"type":"if","locations":[{"start":{"line":145,"column":6},"end":{"line":150,"column":7}}]},"7":{"loc":{"start":{"line":145,"column":10},"end":{"line":145,"column":50}},"type":"binary-expr","locations":[{"start":{"line":145,"column":10},"end":{"line":145,"column":18}},{"start":{"line":145,"column":22},"end":{"line":145,"column":34}},{"start":{"line":145,"column":38},"end":{"line":145,"column":50}}]},"8":{"loc":{"start":{"line":153,"column":6},"end":{"line":159,"column":7}},"type":"if","locations":[{"start":{"line":153,"column":6},"end":{"line":159,"column":7}}]},"9":{"loc":{"start":{"line":189,"column":4},"end":{"line":194,"column":5}},"type":"if","locations":[{"start":{"line":189,"column":4},"end":{"line":194,"column":5}}]},"10":{"loc":{"start":{"line":244,"column":4},"end":{"line":252,"column":5}},"type":"if","locations":[{"start":{"line":244,"column":4},"end":{"line":252,"column":5}}]},"11":{"loc":{"start":{"line":258,"column":4},"end":{"line":285,"column":5}},"type":"if","locations":[{"start":{"line":258,"column":4},"end":{"line":285,"column":5}}]},"12":{"loc":{"start":{"line":260,"column":8},"end":{"line":260,"column":54}},"type":"binary-expr","locations":[{"start":{"line":260,"column":9},"end":{"line":260,"column":48}},{"start":{"line":260,"column":53},"end":{"line":260,"column":54}}]},"13":{"loc":{"start":{"line":269,"column":6},"end":{"line":279,"column":7}},"type":"if","locations":[{"start":{"line":269,"column":6},"end":{"line":279,"column":7}}]},"14":{"loc":{"start":{"line":288,"column":4},"end":{"line":293,"column":5}},"type":"if","locations":[{"start":{"line":288,"column":4},"end":{"line":293,"column":5}}]},"15":{"loc":{"start":{"line":320,"column":6},"end":{"line":326,"column":7}},"type":"if","locations":[{"start":{"line":320,"column":6},"end":{"line":326,"column":7}}]},"16":{"loc":{"start":{"line":328,"column":6},"end":{"line":336,"column":7}},"type":"if","locations":[{"start":{"line":328,"column":6},"end":{"line":336,"column":7}}]},"17":{"loc":{"start":{"line":328,"column":10},"end":{"line":328,"column":54}},"type":"binary-expr","locations":[{"start":{"line":328,"column":10},"end":{"line":328,"column":20}},{"start":{"line":328,"column":24},"end":{"line":328,"column":54}}]},"18":{"loc":{"start":{"line":339,"column":6},"end":{"line":345,"column":7}},"type":"if","locations":[{"start":{"line":339,"column":6},"end":{"line":345,"column":7}}]},"19":{"loc":{"start":{"line":348,"column":6},"end":{"line":354,"column":7}},"type":"if","locations":[{"start":{"line":348,"column":6},"end":{"line":354,"column":7}}]},"20":{"loc":{"start":{"line":381,"column":6},"end":{"line":383,"column":7}},"type":"if","locations":[{"start":{"line":381,"column":6},"end":{"line":383,"column":7}}]},"21":{"loc":{"start":{"line":416,"column":4},"end":{"line":416,"column":26}},"type":"if","locations":[{"start":{"line":416,"column":4},"end":{"line":416,"column":26}}]},"22":{"loc":{"start":{"line":456,"column":4},"end":{"line":466,"column":5}},"type":"if","locations":[{"start":{"line":456,"column":4},"end":{"line":466,"column":5}},{"start":{"line":461,"column":11},"end":{"line":466,"column":5}}]},"23":{"loc":{"start":{"line":461,"column":11},"end":{"line":466,"column":5}},"type":"if","locations":[{"start":{"line":461,"column":11},"end":{"line":466,"column":5}}]},"24":{"loc":{"start":{"line":501,"column":4},"end":{"line":509,"column":5}},"type":"if","locations":[{"start":{"line":501,"column":4},"end":{"line":509,"column":5}}]},"25":{"loc":{"start":{"line":559,"column":4},"end":{"line":564,"column":5}},"type":"if","locations":[{"start":{"line":559,"column":4},"end":{"line":564,"column":5}}]},"26":{"loc":{"start":{"line":587,"column":4},"end":{"line":592,"column":5}},"type":"if","locations":[{"start":{"line":587,"column":4},"end":{"line":592,"column":5}}]}},"s":{"0":2,"1":2,"2":2,"3":2,"4":2,"5":2,"6":2,"7":2,"8":2,"9":2,"10":2,"11":2,"12":2,"13":2,"14":22,"15":22,"16":22,"17":22,"18":22,"19":22,"20":5,"21":5,"22":5,"23":5,"24":5,"25":5,"26":1,"27":1,"28":4,"29":1,"30":1,"31":3,"32":1,"33":1,"34":2,"35":2,"36":1,"37":1,"38":1,"39":1,"40":1,"41":1,"42":4,"43":4,"44":0,"45":0,"46":0,"47":0,"48":0,"49":0,"50":2,"51":2,"52":2,"53":2,"54":0,"55":2,"56":2,"57":1,"58":1,"59":1,"60":1,"61":1,"62":0,"63":0,"64":2,"65":2,"66":2,"67":2,"68":1,"69":1,"70":1,"71":1,"72":1,"73":1,"74":1,"75":1,"76":0,"77":1,"78":4,"79":4,"80":4,"81":4,"82":4,"83":4,"84":1,"85":1,"86":3,"87":3,"88":1,"89":1,"90":1,"91":1,"92":1,"93":0,"94":0,"95":0,"96":0,"97":1,"98":2,"99":1,"100":1,"101":1,"102":1,"103":1,"104":1,"105":1,"106":2,"107":2,"108":2,"109":2,"110":2,"111":2,"112":0,"113":0,"114":2,"115":1,"116":1,"117":1,"118":0,"119":0,"120":1,"121":1,"122":0,"123":0,"124":1,"125":1,"126":1,"127":1,"128":1,"129":1,"130":0,"131":0,"132":0,"133":0,"134":0,"135":0,"136":0,"137":0,"138":0,"139":0,"140":0,"141":0,"142":0,"143":0,"144":0,"145":0,"146":0,"147":0,"148":0,"149":0,"150":0,"151":0,"152":0,"153":0,"154":0,"155":0,"156":2,"157":2,"158":2,"159":2,"160":1,"161":1,"162":1,"163":1,"164":1,"165":1,"166":1,"167":1,"168":1,"169":1,"170":1,"171":0,"172":1,"173":1,"174":2,"175":2,"176":2,"177":2,"178":1,"179":1,"180":2,"181":2,"182":2,"183":2,"184":1,"185":1,"186":1,"187":1,"188":1,"189":1,"190":1,"191":2,"192":2},"f":{"0":22,"1":5,"2":2,"3":2,"4":4,"5":2,"6":0,"7":0,"8":2,"9":2,"10":2},"b":{"0":[1],"1":[1],"2":[4,4],"3":[1],"4":[1],"5":[4],"6":[0],"7":[2,2,2],"8":[1],"9":[1],"10":[1],"11":[1],"12":[1,1],"13":[0],"14":[1],"15":[0],"16":[1],"17":[2,2],"18":[0],"19":[0],"20":[1],"21":[0],"22":[0,0],"23":[0],"24":[1],"25":[1],"26":[1]}}
,"/Users/duyet/Documents/thuc_tap_nodejs/project_2/apps/auth/src/main.ts": {"path":"/Users/duyet/Documents/thuc_tap_nodejs/project_2/apps/auth/src/main.ts","statementMap":{"0":{"start":{"line":1,"column":0},"end":{"line":1,"column":43}},"1":{"start":{"line":2,"column":0},"end":{"line":2,"column":43}},"2":{"start":{"line":3,"column":0},"end":{"line":3,"column":71}},"3":{"start":{"line":6,"column":14},"end":{"line":14,"column":null}},"4":{"start":{"line":17,"column":2},"end":{"line":17,"column":21}},"5":{"start":{"line":18,"column":2},"end":{"line":22,"column":4}},"6":{"start":{"line":25,"column":0},"end":{"line":25,"column":17}}},"fnMap":{"0":{"name":"bootstrap","decl":{"start":{"line":5,"column":15},"end":{"line":5,"column":24}},"loc":{"start":{"line":5,"column":24},"end":{"line":23,"column":1}}}},"branchMap":{"0":{"loc":{"start":{"line":11,"column":14},"end":{"line":11,"column":58}},"type":"binary-expr","locations":[{"start":{"line":11,"column":14},"end":{"line":11,"column":43}},{"start":{"line":11,"column":47},"end":{"line":11,"column":58}}]},"1":{"loc":{"start":{"line":12,"column":23},"end":{"line":12,"column":62}},"type":"binary-expr","locations":[{"start":{"line":12,"column":23},"end":{"line":12,"column":52}},{"start":{"line":12,"column":56},"end":{"line":12,"column":62}}]},"2":{"loc":{"start":{"line":20,"column":6},"end":{"line":20,"column":null}},"type":"binary-expr","locations":[{"start":{"line":20,"column":6},"end":{"line":20,"column":35}},{"start":{"line":20,"column":39},"end":{"line":20,"column":null}}]},"3":{"loc":{"start":{"line":21,"column":8},"end":{"line":21,"column":45}},"type":"binary-expr","locations":[{"start":{"line":21,"column":8},"end":{"line":21,"column":37}},{"start":{"line":21,"column":41},"end":{"line":21,"column":45}}]}},"s":{"0":0,"1":0,"2":0,"3":0,"4":0,"5":0,"6":0},"f":{"0":0},"b":{"0":[0,0],"1":[0,0],"2":[0,0],"3":[0,0]}}
,"/Users/duyet/Documents/thuc_tap_nodejs/project_2/apps/booking/src/booking.controller.ts": {"path":"/Users/duyet/Documents/thuc_tap_nodejs/project_2/apps/booking/src/booking.controller.ts","statementMap":{"0":{"start":{"line":1,"column":0},"end":{"line":1,"column":44}},"1":{"start":{"line":2,"column":0},"end":{"line":2,"column":64}},"2":{"start":{"line":3,"column":0},"end":{"line":3,"column":51}},"3":{"start":{"line":4,"column":0},"end":{"line":4,"column":45}},"4":{"start":{"line":8,"column":7},"end":{"line":28,"column":null}},"5":{"start":{"line":9,"column":31},"end":{"line":9,"column":47}},"6":{"start":{"line":21,"column":4},"end":{"line":21,"column":54}},"7":{"start":{"line":26,"column":4},"end":{"line":26,"column":65}},"8":{"start":{"line":8,"column":13},"end":{"line":8,"column":30}},"9":{"start":{"line":12,"column":2},"end":{"line":22,"column":null}},"10":{"start":{"line":25,"column":2},"end":{"line":27,"column":null}},"11":{"start":{"line":8,"column":13},"end":{"line":28,"column":null}}},"fnMap":{"0":{"name":"(anonymous_4)","decl":{"start":{"line":9,"column":2},"end":{"line":9,"column":31}},"loc":{"start":{"line":9,"column":61},"end":{"line":9,"column":65}}},"1":{"name":"(anonymous_5)","decl":{"start":{"line":12,"column":2},"end":{"line":12,"column":15}},"loc":{"start":{"line":19,"column":5},"end":{"line":22,"column":3}}},"2":{"name":"(anonymous_6)","decl":{"start":{"line":25,"column":2},"end":{"line":25,"column":19}},"loc":{"start":{"line":25,"column":61},"end":{"line":27,"column":3}}}},"branchMap":{},"s":{"0":1,"1":1,"2":1,"3":1,"4":1,"5":2,"6":1,"7":1,"8":1,"9":1,"10":1,"11":1},"f":{"0":2,"1":1,"2":1},"b":{}}
,"/Users/duyet/Documents/thuc_tap_nodejs/project_2/apps/booking/src/booking.module.ts": {"path":"/Users/duyet/Documents/thuc_tap_nodejs/project_2/apps/booking/src/booking.module.ts","statementMap":{"0":{"start":{"line":1,"column":0},"end":{"line":1,"column":40}},"1":{"start":{"line":2,"column":0},"end":{"line":2,"column":57}},"2":{"start":{"line":3,"column":0},"end":{"line":3,"column":51}},"3":{"start":{"line":4,"column":0},"end":{"line":4,"column":43}},"4":{"start":{"line":5,"column":0},"end":{"line":5,"column":null}},"5":{"start":{"line":13,"column":0},"end":{"line":13,"column":48}},"6":{"start":{"line":14,"column":0},"end":{"line":14,"column":42}},"7":{"start":{"line":15,"column":0},"end":{"line":15,"column":61}},"8":{"start":{"line":37,"column":7},"end":{"line":37,"column":null}},"9":{"start":{"line":37,"column":13},"end":{"line":37,"column":26}},"10":{"start":{"line":37,"column":13},"end":{"line":37,"column":null}},"11":{"start":{"line":26,"column":53},"end":{"line":31,"column":8}}},"fnMap":{"0":{"name":"(anonymous_1)","decl":{"start":{"line":26,"column":18},"end":{"line":26,"column":19}},"loc":{"start":{"line":26,"column":53},"end":{"line":31,"column":8}}}},"branchMap":{},"s":{"0":0,"1":0,"2":0,"3":0,"4":0,"5":0,"6":0,"7":0,"8":0,"9":0,"10":0,"11":0},"f":{"0":0},"b":{}}
,"/Users/duyet/Documents/thuc_tap_nodejs/project_2/apps/booking/src/booking.service.ts": {"path":"/Users/duyet/Documents/thuc_tap_nodejs/project_2/apps/booking/src/booking.service.ts","statementMap":{"0":{"start":{"line":1,"column":0},"end":{"line":1,"column":52}},"1":{"start":{"line":2,"column":0},"end":{"line":2,"column":51}},"2":{"start":{"line":3,"column":0},"end":{"line":3,"column":null}},"3":{"start":{"line":11,"column":0},"end":{"line":11,"column":75}},"4":{"start":{"line":12,"column":0},"end":{"line":12,"column":null}},"5":{"start":{"line":19,"column":0},"end":{"line":19,"column":53}},"6":{"start":{"line":20,"column":0},"end":{"line":20,"column":42}},"7":{"start":{"line":21,"column":0},"end":{"line":21,"column":72}},"8":{"start":{"line":22,"column":0},"end":{"line":22,"column":43}},"9":{"start":{"line":26,"column":27},"end":{"line":322,"column":null}},"10":{"start":{"line":27,"column":28},"end":{"line":27,"column":59}},"11":{"start":{"line":31,"column":21},"end":{"line":31,"column":40}},"12":{"start":{"line":33,"column":21},"end":{"line":33,"column":44}},"13":{"start":{"line":34,"column":45},"end":{"line":34,"column":61}},"14":{"start":{"line":36,"column":21},"end":{"line":36,"column":40}},"15":{"start":{"line":38,"column":21},"end":{"line":38,"column":40}},"16":{"start":{"line":39,"column":21},"end":{"line":39,"column":35}},"17":{"start":{"line":40,"column":21},"end":{"line":40,"column":27}},"18":{"start":{"line":41,"column":44},"end":{"line":41,"column":61}},"19":{"start":{"line":50,"column":55},"end":{"line":50,"column":62}},"20":{"start":{"line":59,"column":8},"end":{"line":59,"column":24}},"21":{"start":{"line":61,"column":24},"end":{"line":61,"column":34}},"22":{"start":{"line":62,"column":18},"end":{"line":62,"column":37}},"23":{"start":{"line":63,"column":16},"end":{"line":63,"column":33}},"24":{"start":{"line":66,"column":4},"end":{"line":71,"column":5}},"25":{"start":{"line":67,"column":6},"end":{"line":70,"column":9}},"26":{"start":{"line":73,"column":4},"end":{"line":78,"column":5}},"27":{"start":{"line":74,"column":6},"end":{"line":77,"column":9}},"28":{"start":{"line":81,"column":18},"end":{"line":81,"column":71}},"29":{"start":{"line":82,"column":4},"end":{"line":87,"column":5}},"30":{"start":{"line":83,"column":6},"end":{"line":86,"column":9}},"31":{"start":{"line":89,"column":21},"end":{"line":91,"column":10}},"32":{"start":{"line":92,"column":4},"end":{"line":97,"column":5}},"33":{"start":{"line":93,"column":6},"end":{"line":96,"column":9}},"34":{"start":{"line":100,"column":29},"end":{"line":109,"column":6}},"35":{"start":{"line":110,"column":4},"end":{"line":115,"column":5}},"36":{"start":{"line":111,"column":6},"end":{"line":114,"column":9}},"37":{"start":{"line":118,"column":23},"end":{"line":118,"column":54}},"38":{"start":{"line":119,"column":22},"end":{"line":119,"column":48}},"39":{"start":{"line":120,"column":4},"end":{"line":125,"column":5}},"40":{"start":{"line":121,"column":6},"end":{"line":124,"column":9}},"41":{"start":{"line":128,"column":19},"end":{"line":128,"column":44}},"42":{"start":{"line":132,"column":27},"end":{"line":134,"column":null}},"43":{"start":{"line":133,"column":21},"end":{"line":133,"column":54}},"44":{"start":{"line":138,"column":4},"end":{"line":143,"column":5}},"45":{"start":{"line":139,"column":6},"end":{"line":142,"column":9}},"46":{"start":{"line":145,"column":30},"end":{"line":148,"column":null}},"47":{"start":{"line":147,"column":8},"end":{"line":147,"column":62}},"48":{"start":{"line":150,"column":23},"end":{"line":150,"column":57}},"49":{"start":{"line":153,"column":30},"end":{"line":219,"column":null}},"50":{"start":{"line":155,"column":27},"end":{"line":162,"column":10}},"51":{"start":{"line":163,"column":29},"end":{"line":163,"column":78}},"52":{"start":{"line":166,"column":8},"end":{"line":176,"column":9}},"53":{"start":{"line":167,"column":33},"end":{"line":173,"column":null}},"54":{"start":{"line":175,"column":10},"end":{"line":175,"column":64}},"55":{"start":{"line":179,"column":8},"end":{"line":192,"column":9}},"56":{"start":{"line":179,"column":21},"end":{"line":179,"column":22}},"57":{"start":{"line":180,"column":26},"end":{"line":180,"column":37}},"58":{"start":{"line":181,"column":27},"end":{"line":181,"column":45}},"59":{"start":{"line":182,"column":36},"end":{"line":189,"column":null}},"60":{"start":{"line":191,"column":10},"end":{"line":191,"column":67}},"61":{"start":{"line":195,"column":27},"end":{"line":203,"column":10}},"62":{"start":{"line":204,"column":29},"end":{"line":204,"column":78}},"63":{"start":{"line":207,"column":26},"end":{"line":210,"column":30}},"64":{"start":{"line":213,"column":23},"end":{"line":213,"column":78}},"65":{"start":{"line":215,"column":8},"end":{"line":217,"column":10}},"66":{"start":{"line":218,"column":8},"end":{"line":218,"column":51}},"67":{"start":{"line":223,"column":48},"end":{"line":223,"column":65}},"68":{"start":{"line":224,"column":23},"end":{"line":228,"column":null}},"69":{"start":{"line":231,"column":4},"end":{"line":235,"column":6}},"70":{"start":{"line":239,"column":17},"end":{"line":239,"column":21}},"71":{"start":{"line":240,"column":23},"end":{"line":240,"column":72}},"72":{"start":{"line":241,"column":22},"end":{"line":241,"column":61}},"73":{"start":{"line":243,"column":4},"end":{"line":251,"column":5}},"74":{"start":{"line":244,"column":6},"end":{"line":246,"column":8}},"75":{"start":{"line":247,"column":6},"end":{"line":250,"column":8}},"76":{"start":{"line":253,"column":20},"end":{"line":263,"column":6}},"77":{"start":{"line":264,"column":4},"end":{"line":270,"column":5}},"78":{"start":{"line":265,"column":6},"end":{"line":265,"column":76}},"79":{"start":{"line":266,"column":6},"end":{"line":269,"column":8}},"80":{"start":{"line":272,"column":20},"end":{"line":272,"column":35}},"81":{"start":{"line":273,"column":17},"end":{"line":273,"column":29}},"82":{"start":{"line":275,"column":4},"end":{"line":320,"column":5}},"83":{"start":{"line":276,"column":6},"end":{"line":276,"column":42}},"84":{"start":{"line":277,"column":6},"end":{"line":277,"column":37}},"85":{"start":{"line":278,"column":6},"end":{"line":278,"column":44}},"86":{"start":{"line":279,"column":6},"end":{"line":279,"column":49}},"87":{"start":{"line":280,"column":6},"end":{"line":280,"column":49}},"88":{"start":{"line":281,"column":6},"end":{"line":283,"column":8}},"89":{"start":{"line":284,"column":6},"end":{"line":300,"column":7}},"90":{"start":{"line":285,"column":8},"end":{"line":290,"column":11}},"91":{"start":{"line":292,"column":8},"end":{"line":294,"column":10}},"92":{"start":{"line":296,"column":8},"end":{"line":299,"column":10}},"93":{"start":{"line":301,"column":6},"end":{"line":307,"column":8}},"94":{"start":{"line":309,"column":6},"end":{"line":309,"column":46}},"95":{"start":{"line":310,"column":6},"end":{"line":310,"column":46}},"96":{"start":{"line":311,"column":6},"end":{"line":311,"column":49}},"97":{"start":{"line":312,"column":6},"end":{"line":312,"column":49}},"98":{"start":{"line":313,"column":6},"end":{"line":315,"column":8}},"99":{"start":{"line":316,"column":6},"end":{"line":319,"column":8}},"100":{"start":{"line":26,"column":13},"end":{"line":26,"column":27}},"101":{"start":{"line":26,"column":13},"end":{"line":322,"column":null}}},"fnMap":{"0":{"name":"(anonymous_4)","decl":{"start":{"line":29,"column":2},"end":{"line":29,"column":null}},"loc":{"start":{"line":41,"column":61},"end":{"line":42,"column":6}}},"1":{"name":"(anonymous_5)","decl":{"start":{"line":44,"column":2},"end":{"line":44,"column":7}},"loc":{"start":{"line":49,"column":3},"end":{"line":236,"column":3}}},"2":{"name":"(anonymous_6)","decl":{"start":{"line":133,"column":6},"end":{"line":133,"column":7}},"loc":{"start":{"line":133,"column":21},"end":{"line":133,"column":54}}},"3":{"name":"(anonymous_7)","decl":{"start":{"line":146,"column":6},"end":{"line":146,"column":7}},"loc":{"start":{"line":147,"column":8},"end":{"line":147,"column":62}}},"4":{"name":"(anonymous_8)","decl":{"start":{"line":154,"column":6},"end":{"line":154,"column":11}},"loc":{"start":{"line":154,"column":43},"end":{"line":219,"column":7}}},"5":{"name":"(anonymous_9)","decl":{"start":{"line":238,"column":2},"end":{"line":238,"column":7}},"loc":{"start":{"line":238,"column":56},"end":{"line":321,"column":3}}}},"branchMap":{"0":{"loc":{"start":{"line":57,"column":6},"end":{"line":57,"column":21}},"type":"default-arg","locations":[{"start":{"line":57,"column":19},"end":{"line":57,"column":21}}]},"1":{"loc":{"start":{"line":58,"column":6},"end":{"line":58,"column":21}},"type":"default-arg","locations":[{"start":{"line":58,"column":19},"end":{"line":58,"column":21}}]},"2":{"loc":{"start":{"line":66,"column":4},"end":{"line":71,"column":5}},"type":"if","locations":[{"start":{"line":66,"column":4},"end":{"line":71,"column":5}}]},"3":{"loc":{"start":{"line":73,"column":4},"end":{"line":78,"column":5}},"type":"if","locations":[{"start":{"line":73,"column":4},"end":{"line":78,"column":5}}]},"4":{"loc":{"start":{"line":82,"column":4},"end":{"line":87,"column":5}},"type":"if","locations":[{"start":{"line":82,"column":4},"end":{"line":87,"column":5}}]},"5":{"loc":{"start":{"line":89,"column":21},"end":{"line":91,"column":10}},"type":"cond-expr","locations":[{"start":{"line":90,"column":8},"end":{"line":90,"column":67}},{"start":{"line":91,"column":8},"end":{"line":91,"column":10}}]},"6":{"loc":{"start":{"line":92,"column":4},"end":{"line":97,"column":5}},"type":"if","locations":[{"start":{"line":92,"column":4},"end":{"line":97,"column":5}}]},"7":{"loc":{"start":{"line":92,"column":8},"end":{"line":92,"column":66}},"type":"binary-expr","locations":[{"start":{"line":92,"column":8},"end":{"line":92,"column":25}},{"start":{"line":92,"column":29},"end":{"line":92,"column":66}}]},"8":{"loc":{"start":{"line":110,"column":4},"end":{"line":115,"column":5}},"type":"if","locations":[{"start":{"line":110,"column":4},"end":{"line":115,"column":5}}]},"9":{"loc":{"start":{"line":120,"column":4},"end":{"line":125,"column":5}},"type":"if","locations":[{"start":{"line":120,"column":4},"end":{"line":125,"column":5}}]},"10":{"loc":{"start":{"line":138,"column":4},"end":{"line":143,"column":5}},"type":"if","locations":[{"start":{"line":138,"column":4},"end":{"line":143,"column":5}}]},"11":{"loc":{"start":{"line":138,"column":8},"end":{"line":138,"column":68}},"type":"binary-expr","locations":[{"start":{"line":138,"column":8},"end":{"line":138,"column":25}},{"start":{"line":138,"column":29},"end":{"line":138,"column":68}}]},"12":{"loc":{"start":{"line":147,"column":39},"end":{"line":147,"column":61}},"type":"binary-expr","locations":[{"start":{"line":147,"column":39},"end":{"line":147,"column":56}},{"start":{"line":147,"column":60},"end":{"line":147,"column":61}}]},"13":{"loc":{"start":{"line":181,"column":27},"end":{"line":181,"column":45}},"type":"binary-expr","locations":[{"start":{"line":181,"column":27},"end":{"line":181,"column":40}},{"start":{"line":181,"column":44},"end":{"line":181,"column":45}}]},"14":{"loc":{"start":{"line":200,"column":26},"end":{"line":200,"column":78}},"type":"binary-expr","locations":[{"start":{"line":200,"column":26},"end":{"line":200,"column":56}},{"start":{"line":200,"column":60},"end":{"line":200,"column":78}}]},"15":{"loc":{"start":{"line":243,"column":4},"end":{"line":251,"column":5}},"type":"if","locations":[{"start":{"line":243,"column":4},"end":{"line":251,"column":5}}]},"16":{"loc":{"start":{"line":264,"column":4},"end":{"line":270,"column":5}},"type":"if","locations":[{"start":{"line":264,"column":4},"end":{"line":270,"column":5}}]},"17":{"loc":{"start":{"line":275,"column":4},"end":{"line":320,"column":5}},"type":"if","locations":[{"start":{"line":275,"column":4},"end":{"line":320,"column":5}},{"start":{"line":308,"column":11},"end":{"line":320,"column":5}}]}},"s":{"0":2,"1":2,"2":2,"3":2,"4":2,"5":2,"6":2,"7":2,"8":2,"9":2,"10":11,"11":11,"12":11,"13":11,"14":11,"15":11,"16":11,"17":11,"18":11,"19":7,"20":7,"21":7,"22":7,"23":7,"24":7,"25":1,"26":6,"27":1,"28":5,"29":5,"30":1,"31":4,"32":4,"33":0,"34":4,"35":4,"36":1,"37":3,"38":3,"39":3,"40":1,"41":2,"42":2,"43":2,"44":2,"45":1,"46":1,"47":1,"48":1,"49":1,"50":1,"51":1,"52":1,"53":1,"54":1,"55":1,"56":1,"57":1,"58":1,"59":1,"60":1,"61":1,"62":1,"63":1,"64":1,"65":1,"66":1,"67":1,"68":1,"69":1,"70":4,"71":4,"72":4,"73":4,"74":1,"75":1,"76":3,"77":3,"78":1,"79":1,"80":2,"81":2,"82":2,"83":1,"84":1,"85":1,"86":1,"87":1,"88":1,"89":1,"90":1,"91":0,"92":1,"93":1,"94":1,"95":1,"96":1,"97":1,"98":1,"99":1,"100":2,"101":2},"f":{"0":11,"1":7,"2":2,"3":1,"4":1,"5":4},"b":{"0":[0],"1":[0],"2":[1],"3":[1],"4":[1],"5":[4,0],"6":[0],"7":[4,4],"8":[1],"9":[1],"10":[1],"11":[2,2],"12":[1,0],"13":[1,0],"14":[1,0],"15":[1],"16":[1],"17":[1,1]}}
,"/Users/duyet/Documents/thuc_tap_nodejs/project_2/apps/booking/src/main.ts": {"path":"/Users/duyet/Documents/thuc_tap_nodejs/project_2/apps/booking/src/main.ts","statementMap":{"0":{"start":{"line":1,"column":0},"end":{"line":1,"column":43}},"1":{"start":{"line":2,"column":0},"end":{"line":2,"column":49}},"2":{"start":{"line":3,"column":0},"end":{"line":3,"column":71}},"3":{"start":{"line":6,"column":14},"end":{"line":14,"column":null}},"4":{"start":{"line":17,"column":2},"end":{"line":17,"column":21}},"5":{"start":{"line":18,"column":2},"end":{"line":22,"column":4}},"6":{"start":{"line":25,"column":0},"end":{"line":25,"column":17}}},"fnMap":{"0":{"name":"bootstrap","decl":{"start":{"line":5,"column":15},"end":{"line":5,"column":24}},"loc":{"start":{"line":5,"column":24},"end":{"line":23,"column":1}}}},"branchMap":{"0":{"loc":{"start":{"line":11,"column":14},"end":{"line":11,"column":53}},"type":"binary-expr","locations":[{"start":{"line":11,"column":14},"end":{"line":11,"column":38}},{"start":{"line":11,"column":42},"end":{"line":11,"column":53}}]},"1":{"loc":{"start":{"line":12,"column":23},"end":{"line":12,"column":65}},"type":"binary-expr","locations":[{"start":{"line":12,"column":23},"end":{"line":12,"column":55}},{"start":{"line":12,"column":59},"end":{"line":12,"column":65}}]},"2":{"loc":{"start":{"line":20,"column":6},"end":{"line":20,"column":null}},"type":"binary-expr","locations":[{"start":{"line":20,"column":6},"end":{"line":20,"column":30}},{"start":{"line":20,"column":34},"end":{"line":20,"column":null}}]},"3":{"loc":{"start":{"line":21,"column":8},"end":{"line":21,"column":48}},"type":"binary-expr","locations":[{"start":{"line":21,"column":8},"end":{"line":21,"column":40}},{"start":{"line":21,"column":44},"end":{"line":21,"column":48}}]}},"s":{"0":0,"1":0,"2":0,"3":0,"4":0,"5":0,"6":0},"f":{"0":0},"b":{"0":[0,0],"1":[0,0],"2":[0,0],"3":[0,0]}}
,"/Users/duyet/Documents/thuc_tap_nodejs/project_2/apps/gateway/src/admin-room.controller.ts": {"path":"/Users/duyet/Documents/thuc_tap_nodejs/project_2/apps/gateway/src/admin-room.controller.ts","statementMap":{"0":{"start":{"line":1,"column":0},"end":{"line":1,"column":null}},"1":{"start":{"line":16,"column":0},"end":{"line":16,"column":59}},"2":{"start":{"line":17,"column":0},"end":{"line":17,"column":52}},"3":{"start":{"line":18,"column":0},"end":{"line":18,"column":null}},"4":{"start":{"line":25,"column":0},"end":{"line":25,"column":38}},"5":{"start":{"line":26,"column":0},"end":{"line":26,"column":68}},"6":{"start":{"line":27,"column":0},"end":{"line":27,"column":55}},"7":{"start":{"line":32,"column":7},"end":{"line":161,"column":null}},"8":{"start":{"line":34,"column":47},"end":{"line":34,"column":61}},"9":{"start":{"line":35,"column":45},"end":{"line":35,"column":57}},"10":{"start":{"line":36,"column":21},"end":{"line":36,"column":27}},"11":{"start":{"line":54,"column":17},"end":{"line":54,"column":52}},"12":{"start":{"line":56,"column":4},"end":{"line":84,"column":5}},"13":{"start":{"line":57,"column":36},"end":{"line":57,"column":40}},"14":{"start":{"line":58,"column":6},"end":{"line":65,"column":7}},"15":{"start":{"line":59,"column":23},"end":{"line":62,"column":null}},"16":{"start":{"line":64,"column":8},"end":{"line":64,"column":30}},"17":{"start":{"line":66,"column":22},"end":{"line":70,"column":null}},"18":{"start":{"line":73,"column":6},"end":{"line":77,"column":8}},"19":{"start":{"line":79,"column":18},"end":{"line":79,"column":32}},"20":{"start":{"line":80,"column":6},"end":{"line":83,"column":8}},"21":{"start":{"line":103,"column":17},"end":{"line":103,"column":52}},"22":{"start":{"line":104,"column":4},"end":{"line":132,"column":5}},"23":{"start":{"line":105,"column":36},"end":{"line":105,"column":40}},"24":{"start":{"line":107,"column":6},"end":{"line":112,"column":7}},"25":{"start":{"line":108,"column":23},"end":{"line":109,"column":null}},"26":{"start":{"line":111,"column":8},"end":{"line":111,"column":30}},"27":{"start":{"line":114,"column":19},"end":{"line":118,"column":null}},"28":{"start":{"line":121,"column":6},"end":{"line":125,"column":8}},"29":{"start":{"line":127,"column":18},"end":{"line":127,"column":32}},"30":{"start":{"line":128,"column":6},"end":{"line":131,"column":8}},"31":{"start":{"line":137,"column":17},"end":{"line":137,"column":52}},"32":{"start":{"line":139,"column":4},"end":{"line":159,"column":5}},"33":{"start":{"line":140,"column":19},"end":{"line":141,"column":null}},"34":{"start":{"line":144,"column":6},"end":{"line":148,"column":8}},"35":{"start":{"line":150,"column":18},"end":{"line":150,"column":32}},"36":{"start":{"line":151,"column":6},"end":{"line":158,"column":8}},"37":{"start":{"line":32,"column":13},"end":{"line":32,"column":32}},"38":{"start":{"line":41,"column":8},"end":{"line":85,"column":null}},"39":{"start":{"line":89,"column":8},"end":{"line":133,"column":null}},"40":{"start":{"line":136,"column":8},"end":{"line":160,"column":null}},"41":{"start":{"line":32,"column":13},"end":{"line":161,"column":null}}},"fnMap":{"0":{"name":"(anonymous_4)","decl":{"start":{"line":33,"column":2},"end":{"line":33,"column":null}},"loc":{"start":{"line":36,"column":38},"end":{"line":37,"column":6}}},"1":{"name":"(anonymous_5)","decl":{"start":{"line":41,"column":2},"end":{"line":41,"column":7}},"loc":{"start":{"line":52,"column":31},"end":{"line":85,"column":3}}},"2":{"name":"(anonymous_6)","decl":{"start":{"line":89,"column":2},"end":{"line":89,"column":7}},"loc":{"start":{"line":101,"column":31},"end":{"line":133,"column":3}}},"3":{"name":"(anonymous_7)","decl":{"start":{"line":136,"column":2},"end":{"line":136,"column":7}},"loc":{"start":{"line":136,"column":44},"end":{"line":160,"column":3}}}},"branchMap":{"0":{"loc":{"start":{"line":54,"column":17},"end":{"line":54,"column":52}},"type":"binary-expr","locations":[{"start":{"line":54,"column":17},"end":{"line":54,"column":44}},{"start":{"line":54,"column":48},"end":{"line":54,"column":52}}]},"1":{"loc":{"start":{"line":58,"column":6},"end":{"line":65,"column":7}},"type":"if","locations":[{"start":{"line":58,"column":6},"end":{"line":65,"column":7}}]},"2":{"loc":{"start":{"line":82,"column":17},"end":{"line":82,"column":75}},"type":"binary-expr","locations":[{"start":{"line":82,"column":17},"end":{"line":82,"column":28}},{"start":{"line":82,"column":32},"end":{"line":82,"column":75}}]},"3":{"loc":{"start":{"line":103,"column":17},"end":{"line":103,"column":52}},"type":"binary-expr","locations":[{"start":{"line":103,"column":17},"end":{"line":103,"column":44}},{"start":{"line":103,"column":48},"end":{"line":103,"column":52}}]},"4":{"loc":{"start":{"line":107,"column":6},"end":{"line":112,"column":7}},"type":"if","locations":[{"start":{"line":107,"column":6},"end":{"line":112,"column":7}}]},"5":{"loc":{"start":{"line":130,"column":17},"end":{"line":130,"column":75}},"type":"binary-expr","locations":[{"start":{"line":130,"column":17},"end":{"line":130,"column":28}},{"start":{"line":130,"column":32},"end":{"line":130,"column":75}}]},"6":{"loc":{"start":{"line":137,"column":17},"end":{"line":137,"column":52}},"type":"binary-expr","locations":[{"start":{"line":137,"column":17},"end":{"line":137,"column":44}},{"start":{"line":137,"column":48},"end":{"line":137,"column":52}}]},"7":{"loc":{"start":{"line":155,"column":17},"end":{"line":155,"column":45}},"type":"binary-expr","locations":[{"start":{"line":155,"column":17},"end":{"line":155,"column":28}},{"start":{"line":155,"column":32},"end":{"line":155,"column":45}}]}},"s":{"0":1,"1":1,"2":1,"3":1,"4":1,"5":1,"6":1,"7":1,"8":15,"9":15,"10":15,"11":3,"12":3,"13":3,"14":3,"15":1,"16":1,"17":3,"18":2,"19":1,"20":1,"21":3,"22":3,"23":3,"24":3,"25":1,"26":1,"27":3,"28":2,"29":1,"30":1,"31":3,"32":3,"33":3,"34":1,"35":2,"36":2,"37":1,"38":1,"39":1,"40":1,"41":1},"f":{"0":15,"1":3,"2":3,"3":3},"b":{"0":[3,3],"1":[1],"2":[1,0],"3":[3,3],"4":[1],"5":[1,0],"6":[3,3],"7":[2,0]}}
,"/Users/duyet/Documents/thuc_tap_nodejs/project_2/apps/gateway/src/admin-user.controller.ts": {"path":"/Users/duyet/Documents/thuc_tap_nodejs/project_2/apps/gateway/src/admin-user.controller.ts","statementMap":{"0":{"start":{"line":1,"column":0},"end":{"line":1,"column":null}},"1":{"start":{"line":18,"column":0},"end":{"line":18,"column":52}},"2":{"start":{"line":19,"column":0},"end":{"line":19,"column":null}},"3":{"start":{"line":29,"column":0},"end":{"line":29,"column":55}},"4":{"start":{"line":30,"column":0},"end":{"line":30,"column":59}},"5":{"start":{"line":31,"column":0},"end":{"line":31,"column":64}},"6":{"start":{"line":32,"column":0},"end":{"line":32,"column":38}},"7":{"start":{"line":34,"column":0},"end":{"line":34,"column":68}},"8":{"start":{"line":39,"column":32},"end":{"line":188,"column":null}},"9":{"start":{"line":40,"column":28},"end":{"line":40,"column":64}},"10":{"start":{"line":42,"column":47},"end":{"line":42,"column":61}},"11":{"start":{"line":43,"column":45},"end":{"line":43,"column":57}},"12":{"start":{"line":44,"column":21},"end":{"line":44,"column":27}},"13":{"start":{"line":50,"column":4},"end":{"line":50,"column":68}},"14":{"start":{"line":69,"column":17},"end":{"line":69,"column":52}},"15":{"start":{"line":71,"column":4},"end":{"line":103,"column":5}},"16":{"start":{"line":72,"column":36},"end":{"line":72,"column":40}},"17":{"start":{"line":73,"column":6},"end":{"line":80,"column":7}},"18":{"start":{"line":74,"column":23},"end":{"line":77,"column":null}},"19":{"start":{"line":79,"column":8},"end":{"line":79,"column":30}},"20":{"start":{"line":82,"column":22},"end":{"line":86,"column":null}},"21":{"start":{"line":89,"column":6},"end":{"line":93,"column":8}},"22":{"start":{"line":95,"column":6},"end":{"line":98,"column":8}},"23":{"start":{"line":99,"column":6},"end":{"line":102,"column":8}},"24":{"start":{"line":123,"column":17},"end":{"line":123,"column":52}},"25":{"start":{"line":124,"column":4},"end":{"line":162,"column":5}},"26":{"start":{"line":125,"column":36},"end":{"line":125,"column":40}},"27":{"start":{"line":127,"column":6},"end":{"line":132,"column":7}},"28":{"start":{"line":128,"column":23},"end":{"line":129,"column":null}},"29":{"start":{"line":131,"column":8},"end":{"line":131,"column":30}},"30":{"start":{"line":134,"column":19},"end":{"line":145,"column":null}},"31":{"start":{"line":148,"column":6},"end":{"line":152,"column":8}},"32":{"start":{"line":154,"column":6},"end":{"line":157,"column":8}},"33":{"start":{"line":158,"column":6},"end":{"line":161,"column":8}},"34":{"start":{"line":168,"column":17},"end":{"line":168,"column":52}},"35":{"start":{"line":170,"column":4},"end":{"line":186,"column":5}},"36":{"start":{"line":171,"column":19},"end":{"line":172,"column":null}},"37":{"start":{"line":175,"column":6},"end":{"line":179,"column":8}},"38":{"start":{"line":181,"column":6},"end":{"line":181,"column":71}},"39":{"start":{"line":182,"column":6},"end":{"line":185,"column":8}},"40":{"start":{"line":39,"column":13},"end":{"line":39,"column":32}},"41":{"start":{"line":49,"column":2},"end":{"line":51,"column":null}},"42":{"start":{"line":56,"column":8},"end":{"line":104,"column":null}},"43":{"start":{"line":109,"column":8},"end":{"line":163,"column":null}},"44":{"start":{"line":167,"column":8},"end":{"line":187,"column":null}},"45":{"start":{"line":39,"column":13},"end":{"line":188,"column":null}}},"fnMap":{"0":{"name":"(anonymous_4)","decl":{"start":{"line":41,"column":2},"end":{"line":41,"column":null}},"loc":{"start":{"line":44,"column":38},"end":{"line":45,"column":6}}},"1":{"name":"(anonymous_5)","decl":{"start":{"line":49,"column":2},"end":{"line":49,"column":11}},"loc":{"start":{"line":49,"column":45},"end":{"line":51,"column":3}}},"2":{"name":"(anonymous_6)","decl":{"start":{"line":56,"column":2},"end":{"line":56,"column":7}},"loc":{"start":{"line":67,"column":31},"end":{"line":104,"column":3}}},"3":{"name":"(anonymous_7)","decl":{"start":{"line":109,"column":2},"end":{"line":109,"column":7}},"loc":{"start":{"line":121,"column":31},"end":{"line":163,"column":3}}},"4":{"name":"(anonymous_8)","decl":{"start":{"line":167,"column":2},"end":{"line":167,"column":7}},"loc":{"start":{"line":167,"column":44},"end":{"line":187,"column":3}}}},"branchMap":{"0":{"loc":{"start":{"line":69,"column":17},"end":{"line":69,"column":52}},"type":"binary-expr","locations":[{"start":{"line":69,"column":17},"end":{"line":69,"column":44}},{"start":{"line":69,"column":48},"end":{"line":69,"column":52}}]},"1":{"loc":{"start":{"line":73,"column":6},"end":{"line":80,"column":7}},"type":"if","locations":[{"start":{"line":73,"column":6},"end":{"line":80,"column":7}}]},"2":{"loc":{"start":{"line":123,"column":17},"end":{"line":123,"column":52}},"type":"binary-expr","locations":[{"start":{"line":123,"column":17},"end":{"line":123,"column":44}},{"start":{"line":123,"column":48},"end":{"line":123,"column":52}}]},"3":{"loc":{"start":{"line":127,"column":6},"end":{"line":132,"column":7}},"type":"if","locations":[{"start":{"line":127,"column":6},"end":{"line":132,"column":7}}]},"4":{"loc":{"start":{"line":140,"column":14},"end":{"line":142,"column":38}},"type":"cond-expr","locations":[{"start":{"line":141,"column":18},"end":{"line":141,"column":56}},{"start":{"line":142,"column":18},"end":{"line":142,"column":38}}]},"5":{"loc":{"start":{"line":168,"column":17},"end":{"line":168,"column":52}},"type":"binary-expr","locations":[{"start":{"line":168,"column":17},"end":{"line":168,"column":44}},{"start":{"line":168,"column":48},"end":{"line":168,"column":52}}]}},"s":{"0":1,"1":1,"2":1,"3":1,"4":1,"5":1,"6":1,"7":1,"8":1,"9":21,"10":21,"11":21,"12":21,"13":1,"14":3,"15":3,"16":3,"17":3,"18":1,"19":1,"20":3,"21":2,"22":1,"23":1,"24":2,"25":2,"26":2,"27":2,"28":0,"29":0,"30":2,"31":1,"32":1,"33":1,"34":2,"35":2,"36":2,"37":1,"38":1,"39":1,"40":1,"41":1,"42":1,"43":1,"44":1,"45":1},"f":{"0":21,"1":1,"2":3,"3":2,"4":2},"b":{"0":[3,0],"1":[1],"2":[2,0],"3":[0],"4":[0,2],"5":[2,0]}}
,"/Users/duyet/Documents/thuc_tap_nodejs/project_2/apps/gateway/src/auth.controller.ts": {"path":"/Users/duyet/Documents/thuc_tap_nodejs/project_2/apps/gateway/src/auth.controller.ts","statementMap":{"0":{"start":{"line":1,"column":0},"end":{"line":1,"column":null}},"1":{"start":{"line":11,"column":0},"end":{"line":11,"column":52}},"2":{"start":{"line":12,"column":0},"end":{"line":12,"column":79}},"3":{"start":{"line":13,"column":0},"end":{"line":13,"column":42}},"4":{"start":{"line":14,"column":0},"end":{"line":14,"column":31}},"5":{"start":{"line":18,"column":27},"end":{"line":48,"column":null}},"6":{"start":{"line":19,"column":28},"end":{"line":19,"column":59}},"7":{"start":{"line":22,"column":45},"end":{"line":22,"column":57}},"8":{"start":{"line":28,"column":17},"end":{"line":28,"column":38}},"9":{"start":{"line":29,"column":17},"end":{"line":29,"column":40}},"10":{"start":{"line":30,"column":20},"end":{"line":30,"column":43}},"11":{"start":{"line":32,"column":4},"end":{"line":32,"column":71}},"12":{"start":{"line":34,"column":4},"end":{"line":36,"column":6}},"13":{"start":{"line":42,"column":4},"end":{"line":42,"column":47}},"14":{"start":{"line":44,"column":18},"end":{"line":44,"column":58}},"15":{"start":{"line":45,"column":17},"end":{"line":45,"column":52}},"16":{"start":{"line":46,"column":4},"end":{"line":46,"column":74}},"17":{"start":{"line":18,"column":13},"end":{"line":18,"column":27}},"18":{"start":{"line":27,"column":2},"end":{"line":37,"column":null}},"19":{"start":{"line":41,"column":2},"end":{"line":47,"column":null}},"20":{"start":{"line":18,"column":13},"end":{"line":48,"column":null}}},"fnMap":{"0":{"name":"(anonymous_4)","decl":{"start":{"line":21,"column":2},"end":{"line":21,"column":null}},"loc":{"start":{"line":22,"column":68},"end":{"line":23,"column":6}}},"1":{"name":"(anonymous_5)","decl":{"start":{"line":27,"column":2},"end":{"line":27,"column":7}},"loc":{"start":{"line":27,"column":44},"end":{"line":37,"column":3}}},"2":{"name":"(anonymous_6)","decl":{"start":{"line":41,"column":2},"end":{"line":41,"column":8}},"loc":{"start":{"line":41,"column":28},"end":{"line":47,"column":3}}}},"branchMap":{"0":{"loc":{"start":{"line":29,"column":17},"end":{"line":29,"column":40}},"type":"cond-expr","locations":[{"start":{"line":29,"column":24},"end":{"line":29,"column":33}},{"start":{"line":29,"column":36},"end":{"line":29,"column":40}}]},"1":{"loc":{"start":{"line":45,"column":17},"end":{"line":45,"column":52}},"type":"binary-expr","locations":[{"start":{"line":45,"column":17},"end":{"line":45,"column":44}},{"start":{"line":45,"column":48},"end":{"line":45,"column":52}}]}},"s":{"0":0,"1":0,"2":0,"3":0,"4":0,"5":0,"6":0,"7":0,"8":0,"9":0,"10":0,"11":0,"12":0,"13":0,"14":0,"15":0,"16":0,"17":0,"18":0,"19":0,"20":0},"f":{"0":0,"1":0,"2":0},"b":{"0":[0,0],"1":[0,0]}}
,"/Users/duyet/Documents/thuc_tap_nodejs/project_2/apps/gateway/src/booking.controller.ts": {"path":"/Users/duyet/Documents/thuc_tap_nodejs/project_2/apps/gateway/src/booking.controller.ts","statementMap":{"0":{"start":{"line":1,"column":0},"end":{"line":1,"column":null}},"1":{"start":{"line":12,"column":0},"end":{"line":12,"column":52}},"2":{"start":{"line":13,"column":0},"end":{"line":13,"column":59}},"3":{"start":{"line":15,"column":0},"end":{"line":15,"column":38}},"4":{"start":{"line":16,"column":0},"end":{"line":16,"column":47}},"5":{"start":{"line":17,"column":0},"end":{"line":17,"column":70}},"6":{"start":{"line":18,"column":0},"end":{"line":18,"column":61}},"7":{"start":{"line":19,"column":0},"end":{"line":19,"column":55}},"8":{"start":{"line":30,"column":7},"end":{"line":103,"column":null}},"9":{"start":{"line":32,"column":48},"end":{"line":32,"column":63}},"10":{"start":{"line":33,"column":21},"end":{"line":33,"column":36}},"11":{"start":{"line":34,"column":21},"end":{"line":34,"column":27}},"12":{"start":{"line":44,"column":17},"end":{"line":44,"column":52}},"13":{"start":{"line":45,"column":17},"end":{"line":45,"column":51}},"14":{"start":{"line":46,"column":4},"end":{"line":48,"column":5}},"15":{"start":{"line":47,"column":6},"end":{"line":47,"column":27}},"16":{"start":{"line":49,"column":24},"end":{"line":49,"column":45}},"17":{"start":{"line":51,"column":19},"end":{"line":55,"column":null}},"18":{"start":{"line":57,"column":4},"end":{"line":57,"column":18}},"19":{"start":{"line":65,"column":4},"end":{"line":101,"column":5}},"20":{"start":{"line":66,"column":19},"end":{"line":66,"column":23}},"21":{"start":{"line":67,"column":21},"end":{"line":68,"column":null}},"22":{"start":{"line":71,"column":6},"end":{"line":92,"column":7}},"23":{"start":{"line":72,"column":8},"end":{"line":76,"column":11}},"24":{"start":{"line":77,"column":13},"end":{"line":92,"column":7}},"25":{"start":{"line":78,"column":8},"end":{"line":85,"column":11}},"26":{"start":{"line":87,"column":8},"end":{"line":91,"column":11}},"27":{"start":{"line":94,"column":19},"end":{"line":94,"column":23}},"28":{"start":{"line":96,"column":6},"end":{"line":100,"column":9}},"29":{"start":{"line":30,"column":13},"end":{"line":30,"column":30}},"30":{"start":{"line":39,"column":8},"end":{"line":58,"column":null}},"31":{"start":{"line":61,"column":8},"end":{"line":102,"column":null}},"32":{"start":{"line":30,"column":13},"end":{"line":103,"column":null}}},"fnMap":{"0":{"name":"(anonymous_4)","decl":{"start":{"line":31,"column":2},"end":{"line":31,"column":null}},"loc":{"start":{"line":34,"column":38},"end":{"line":35,"column":6}}},"1":{"name":"(anonymous_5)","decl":{"start":{"line":39,"column":2},"end":{"line":39,"column":7}},"loc":{"start":{"line":42,"column":28},"end":{"line":58,"column":3}}},"2":{"name":"(anonymous_6)","decl":{"start":{"line":61,"column":2},"end":{"line":61,"column":7}},"loc":{"start":{"line":63,"column":24},"end":{"line":102,"column":3}}}},"branchMap":{"0":{"loc":{"start":{"line":44,"column":17},"end":{"line":44,"column":52}},"type":"binary-expr","locations":[{"start":{"line":44,"column":17},"end":{"line":44,"column":44}},{"start":{"line":44,"column":48},"end":{"line":44,"column":52}}]},"1":{"loc":{"start":{"line":45,"column":17},"end":{"line":45,"column":51}},"type":"binary-expr","locations":[{"start":{"line":45,"column":17},"end":{"line":45,"column":23}},{"start":{"line":45,"column":27},"end":{"line":45,"column":51}}]},"2":{"loc":{"start":{"line":46,"column":4},"end":{"line":48,"column":5}},"type":"if","locations":[{"start":{"line":46,"column":4},"end":{"line":48,"column":5}}]},"3":{"loc":{"start":{"line":46,"column":8},"end":{"line":46,"column":55}},"type":"binary-expr","locations":[{"start":{"line":46,"column":8},"end":{"line":46,"column":24}},{"start":{"line":46,"column":28},"end":{"line":46,"column":55}}]},"4":{"loc":{"start":{"line":49,"column":24},"end":{"line":49,"column":45}},"type":"binary-expr","locations":[{"start":{"line":49,"column":24},"end":{"line":49,"column":30}},{"start":{"line":49,"column":34},"end":{"line":49,"column":45}}]},"5":{"loc":{"start":{"line":71,"column":6},"end":{"line":92,"column":7}},"type":"if","locations":[{"start":{"line":71,"column":6},"end":{"line":92,"column":7}},{"start":{"line":77,"column":13},"end":{"line":92,"column":7}}]},"6":{"loc":{"start":{"line":74,"column":19},"end":{"line":74,"column":77}},"type":"binary-expr","locations":[{"start":{"line":74,"column":19},"end":{"line":74,"column":33}},{"start":{"line":74,"column":37},"end":{"line":74,"column":77}}]},"7":{"loc":{"start":{"line":75,"column":17},"end":{"line":75,"column":47}},"type":"binary-expr","locations":[{"start":{"line":75,"column":17},"end":{"line":75,"column":39}},{"start":{"line":75,"column":43},"end":{"line":75,"column":47}}]},"8":{"loc":{"start":{"line":77,"column":13},"end":{"line":92,"column":7}},"type":"if","locations":[{"start":{"line":77,"column":13},"end":{"line":92,"column":7}},{"start":{"line":86,"column":13},"end":{"line":92,"column":7}}]},"9":{"loc":{"start":{"line":77,"column":17},"end":{"line":77,"column":72}},"type":"binary-expr","locations":[{"start":{"line":77,"column":17},"end":{"line":77,"column":43}},{"start":{"line":77,"column":47},"end":{"line":77,"column":72}}]},"10":{"loc":{"start":{"line":80,"column":19},"end":{"line":80,"column":76}},"type":"binary-expr","locations":[{"start":{"line":80,"column":19},"end":{"line":80,"column":33}},{"start":{"line":80,"column":37},"end":{"line":80,"column":76}}]},"11":{"loc":{"start":{"line":81,"column":17},"end":{"line":84,"column":null}},"type":"binary-expr","locations":[{"start":{"line":81,"column":17},"end":{"line":81,"column":39}},{"start":{"line":81,"column":43},"end":{"line":84,"column":null}}]}},"s":{"0":1,"1":1,"2":1,"3":1,"4":1,"5":1,"6":1,"7":1,"8":1,"9":9,"10":9,"11":9,"12":5,"13":5,"14":5,"15":5,"16":5,"17":5,"18":5,"19":4,"20":4,"21":4,"22":3,"23":1,"24":2,"25":1,"26":1,"27":1,"28":1,"29":1,"30":1,"31":1,"32":1},"f":{"0":9,"1":5,"2":4},"b":{"0":[5,5],"1":[5,0],"2":[5],"3":[5,0],"4":[5,0],"5":[1,2],"6":[1,1],"7":[1,0],"8":[1,1],"9":[2,1],"10":[1,1],"11":[1,1]}}
,"/Users/duyet/Documents/thuc_tap_nodejs/project_2/apps/gateway/src/gateway.controller.ts": {"path":"/Users/duyet/Documents/thuc_tap_nodejs/project_2/apps/gateway/src/gateway.controller.ts","statementMap":{"0":{"start":{"line":1,"column":0},"end":{"line":1,"column":49}},"1":{"start":{"line":2,"column":0},"end":{"line":2,"column":51}},"2":{"start":{"line":5,"column":7},"end":{"line":12,"column":null}},"3":{"start":{"line":6,"column":31},"end":{"line":6,"column":47}},"4":{"start":{"line":10,"column":4},"end":{"line":10,"column":42}},"5":{"start":{"line":5,"column":13},"end":{"line":5,"column":30}},"6":{"start":{"line":9,"column":2},"end":{"line":11,"column":null}},"7":{"start":{"line":5,"column":13},"end":{"line":12,"column":null}}},"fnMap":{"0":{"name":"(anonymous_2)","decl":{"start":{"line":6,"column":2},"end":{"line":6,"column":31}},"loc":{"start":{"line":6,"column":61},"end":{"line":6,"column":65}}},"1":{"name":"(anonymous_3)","decl":{"start":{"line":9,"column":2},"end":{"line":9,"column":10}},"loc":{"start":{"line":9,"column":10},"end":{"line":11,"column":3}}}},"branchMap":{},"s":{"0":0,"1":0,"2":0,"3":0,"4":0,"5":0,"6":0,"7":0},"f":{"0":0,"1":0},"b":{}}
,"/Users/duyet/Documents/thuc_tap_nodejs/project_2/apps/gateway/src/gateway.module.ts": {"path":"/Users/duyet/Documents/thuc_tap_nodejs/project_2/apps/gateway/src/gateway.module.ts","statementMap":{"0":{"start":{"line":1,"column":0},"end":{"line":1,"column":40}},"1":{"start":{"line":2,"column":0},"end":{"line":2,"column":57}},"2":{"start":{"line":3,"column":0},"end":{"line":3,"column":51}},"3":{"start":{"line":4,"column":0},"end":{"line":4,"column":78}},"4":{"start":{"line":5,"column":0},"end":{"line":5,"column":51}},"5":{"start":{"line":6,"column":0},"end":{"line":6,"column":65}},"6":{"start":{"line":7,"column":0},"end":{"line":7,"column":61}},"7":{"start":{"line":8,"column":0},"end":{"line":8,"column":40}},"8":{"start":{"line":9,"column":0},"end":{"line":9,"column":42}},"9":{"start":{"line":10,"column":0},"end":{"line":10,"column":60}},"10":{"start":{"line":11,"column":0},"end":{"line":11,"column":40}},"11":{"start":{"line":12,"column":0},"end":{"line":12,"column":76}},"12":{"start":{"line":13,"column":0},"end":{"line":13,"column":64}},"13":{"start":{"line":14,"column":0},"end":{"line":14,"column":62}},"14":{"start":{"line":15,"column":0},"end":{"line":15,"column":55}},"15":{"start":{"line":16,"column":0},"end":{"line":16,"column":51}},"16":{"start":{"line":17,"column":0},"end":{"line":17,"column":62}},"17":{"start":{"line":18,"column":0},"end":{"line":18,"column":62}},"18":{"start":{"line":19,"column":0},"end":{"line":19,"column":57}},"19":{"start":{"line":107,"column":7},"end":{"line":107,"column":null}},"20":{"start":{"line":107,"column":13},"end":{"line":107,"column":26}},"21":{"start":{"line":107,"column":13},"end":{"line":107,"column":null}},"22":{"start":{"line":29,"column":53},"end":{"line":34,"column":8}}},"fnMap":{"0":{"name":"(anonymous_1)","decl":{"start":{"line":29,"column":18},"end":{"line":29,"column":19}},"loc":{"start":{"line":29,"column":53},"end":{"line":34,"column":8}}}},"branchMap":{},"s":{"0":0,"1":0,"2":0,"3":0,"4":0,"5":0,"6":0,"7":0,"8":0,"9":0,"10":0,"11":0,"12":0,"13":0,"14":0,"15":0,"16":0,"17":0,"18":0,"19":0,"20":0,"21":0,"22":0},"f":{"0":0},"b":{}}
,"/Users/duyet/Documents/thuc_tap_nodejs/project_2/apps/gateway/src/gateway.service.ts": {"path":"/Users/duyet/Documents/thuc_tap_nodejs/project_2/apps/gateway/src/gateway.service.ts","statementMap":{"0":{"start":{"line":1,"column":0},"end":{"line":1,"column":44}},"1":{"start":{"line":4,"column":7},"end":{"line":8,"column":null}},"2":{"start":{"line":6,"column":4},"end":{"line":6,"column":26}},"3":{"start":{"line":4,"column":13},"end":{"line":4,"column":27}},"4":{"start":{"line":4,"column":13},"end":{"line":8,"column":null}}},"fnMap":{"0":{"name":"(anonymous_1)","decl":{"start":{"line":5,"column":2},"end":{"line":5,"column":10}},"loc":{"start":{"line":5,"column":10},"end":{"line":7,"column":3}}}},"branchMap":{},"s":{"0":0,"1":0,"2":0,"3":0,"4":0},"f":{"0":0},"b":{}}
,"/Users/duyet/Documents/thuc_tap_nodejs/project_2/apps/gateway/src/main.ts": {"path":"/Users/duyet/Documents/thuc_tap_nodejs/project_2/apps/gateway/src/main.ts","statementMap":{"0":{"start":{"line":1,"column":0},"end":{"line":1,"column":43}},"1":{"start":{"line":2,"column":0},"end":{"line":2,"column":49}},"2":{"start":{"line":3,"column":0},"end":{"line":3,"column":48}},"3":{"start":{"line":4,"column":0},"end":{"line":4,"column":50}},"4":{"start":{"line":7,"column":14},"end":{"line":7,"column":53}},"5":{"start":{"line":9,"column":2},"end":{"line":9,"column":43}},"6":{"start":{"line":10,"column":2},"end":{"line":10,"column":55}},"7":{"start":{"line":12,"column":15},"end":{"line":12,"column":59}},"8":{"start":{"line":13,"column":2},"end":{"line":13,"column":25}},"9":{"start":{"line":14,"column":2},"end":{"line":14,"column":64}},"10":{"start":{"line":16,"column":0},"end":{"line":16,"column":17}}},"fnMap":{"0":{"name":"bootstrap","decl":{"start":{"line":6,"column":15},"end":{"line":6,"column":24}},"loc":{"start":{"line":6,"column":24},"end":{"line":15,"column":1}}}},"branchMap":{"0":{"loc":{"start":{"line":12,"column":24},"end":{"line":12,"column":58}},"type":"binary-expr","locations":[{"start":{"line":12,"column":24},"end":{"line":12,"column":48}},{"start":{"line":12,"column":52},"end":{"line":12,"column":58}}]}},"s":{"0":0,"1":0,"2":0,"3":0,"4":0,"5":0,"6":0,"7":0,"8":0,"9":0,"10":0},"f":{"0":0},"b":{"0":[0,0]}}
,"/Users/duyet/Documents/thuc_tap_nodejs/project_2/apps/gateway/src/room.controller.ts": {"path":"/Users/duyet/Documents/thuc_tap_nodejs/project_2/apps/gateway/src/room.controller.ts","statementMap":{"0":{"start":{"line":1,"column":0},"end":{"line":1,"column":68}},"1":{"start":{"line":2,"column":0},"end":{"line":2,"column":60}},"2":{"start":{"line":3,"column":0},"end":{"line":3,"column":80}},"3":{"start":{"line":4,"column":0},"end":{"line":4,"column":52}},"4":{"start":{"line":7,"column":7},"end":{"line":23,"column":null}},"5":{"start":{"line":9,"column":45},"end":{"line":9,"column":57}},"6":{"start":{"line":16,"column":4},"end":{"line":16,"column":68}},"7":{"start":{"line":21,"column":4},"end":{"line":21,"column":67}},"8":{"start":{"line":7,"column":13},"end":{"line":7,"column":27}},"9":{"start":{"line":13,"column":2},"end":{"line":17,"column":null}},"10":{"start":{"line":20,"column":2},"end":{"line":22,"column":null}},"11":{"start":{"line":7,"column":13},"end":{"line":23,"column":null}}},"fnMap":{"0":{"name":"(anonymous_4)","decl":{"start":{"line":8,"column":2},"end":{"line":8,"column":null}},"loc":{"start":{"line":9,"column":68},"end":{"line":10,"column":6}}},"1":{"name":"(anonymous_5)","decl":{"start":{"line":13,"column":2},"end":{"line":13,"column":11}},"loc":{"start":{"line":14,"column":76},"end":{"line":17,"column":3}}},"2":{"name":"(anonymous_6)","decl":{"start":{"line":20,"column":2},"end":{"line":20,"column":13}},"loc":{"start":{"line":20,"column":39},"end":{"line":22,"column":3}}}},"branchMap":{},"s":{"0":0,"1":0,"2":0,"3":0,"4":0,"5":0,"6":0,"7":0,"8":0,"9":0,"10":0,"11":0},"f":{"0":0,"1":0,"2":0},"b":{}}
,"/Users/duyet/Documents/thuc_tap_nodejs/project_2/apps/gateway/src/user-auth.controller.ts": {"path":"/Users/duyet/Documents/thuc_tap_nodejs/project_2/apps/gateway/src/user-auth.controller.ts","statementMap":{"0":{"start":{"line":1,"column":0},"end":{"line":1,"column":null}},"1":{"start":{"line":11,"column":0},"end":{"line":11,"column":52}},"2":{"start":{"line":12,"column":0},"end":{"line":12,"column":null}},"3":{"start":{"line":19,"column":0},"end":{"line":19,"column":42}},"4":{"start":{"line":20,"column":0},"end":{"line":20,"column":68}},"5":{"start":{"line":21,"column":0},"end":{"line":21,"column":65}},"6":{"start":{"line":22,"column":0},"end":{"line":22,"column":62}},"7":{"start":{"line":23,"column":0},"end":{"line":23,"column":31}},"8":{"start":{"line":24,"column":0},"end":{"line":24,"column":66}},"9":{"start":{"line":30,"column":7},"end":{"line":109,"column":null}},"10":{"start":{"line":32,"column":45},"end":{"line":32,"column":57}},"11":{"start":{"line":37,"column":17},"end":{"line":37,"column":52}},"12":{"start":{"line":38,"column":20},"end":{"line":38,"column":45}},"13":{"start":{"line":39,"column":4},"end":{"line":39,"column":67}},"14":{"start":{"line":44,"column":17},"end":{"line":44,"column":52}},"15":{"start":{"line":45,"column":20},"end":{"line":45,"column":43}},"16":{"start":{"line":46,"column":4},"end":{"line":46,"column":65}},"17":{"start":{"line":52,"column":17},"end":{"line":52,"column":38}},"18":{"start":{"line":53,"column":17},"end":{"line":53,"column":40}},"19":{"start":{"line":54,"column":20},"end":{"line":54,"column":42}},"20":{"start":{"line":56,"column":4},"end":{"line":58,"column":6}},"21":{"start":{"line":64,"column":18},"end":{"line":64,"column":58}},"22":{"start":{"line":65,"column":17},"end":{"line":65,"column":52}},"23":{"start":{"line":66,"column":4},"end":{"line":66,"column":73}},"24":{"start":{"line":76,"column":17},"end":{"line":76,"column":52}},"25":{"start":{"line":77,"column":17},"end":{"line":77,"column":53}},"26":{"start":{"line":78,"column":20},"end":{"line":78,"column":47}},"27":{"start":{"line":80,"column":4},"end":{"line":80,"column":66}},"28":{"start":{"line":85,"column":17},"end":{"line":85,"column":52}},"29":{"start":{"line":86,"column":4},"end":{"line":89,"column":6}},"30":{"start":{"line":94,"column":17},"end":{"line":94,"column":52}},"31":{"start":{"line":95,"column":4},"end":{"line":98,"column":6}},"32":{"start":{"line":103,"column":17},"end":{"line":103,"column":52}},"33":{"start":{"line":104,"column":4},"end":{"line":107,"column":6}},"34":{"start":{"line":30,"column":13},"end":{"line":30,"column":31}},"35":{"start":{"line":36,"column":2},"end":{"line":40,"column":null}},"36":{"start":{"line":43,"column":2},"end":{"line":47,"column":null}},"37":{"start":{"line":51,"column":2},"end":{"line":59,"column":null}},"38":{"start":{"line":63,"column":2},"end":{"line":67,"column":null}},"39":{"start":{"line":71,"column":2},"end":{"line":71,"column":null}},"40":{"start":{"line":75,"column":2},"end":{"line":81,"column":null}},"41":{"start":{"line":84,"column":2},"end":{"line":90,"column":null}},"42":{"start":{"line":93,"column":2},"end":{"line":99,"column":null}},"43":{"start":{"line":102,"column":2},"end":{"line":108,"column":null}},"44":{"start":{"line":30,"column":13},"end":{"line":109,"column":null}}},"fnMap":{"0":{"name":"(anonymous_4)","decl":{"start":{"line":31,"column":2},"end":{"line":31,"column":null}},"loc":{"start":{"line":32,"column":68},"end":{"line":33,"column":6}}},"1":{"name":"(anonymous_5)","decl":{"start":{"line":36,"column":2},"end":{"line":36,"column":10}},"loc":{"start":{"line":36,"column":51},"end":{"line":40,"column":3}}},"2":{"name":"(anonymous_6)","decl":{"start":{"line":43,"column":2},"end":{"line":43,"column":8}},"loc":{"start":{"line":43,"column":45},"end":{"line":47,"column":3}}},"3":{"name":"(anonymous_7)","decl":{"start":{"line":51,"column":2},"end":{"line":51,"column":7}},"loc":{"start":{"line":51,"column":42},"end":{"line":59,"column":3}}},"4":{"name":"(anonymous_8)","decl":{"s
[...]
,"/Users/duyet/Documents/thuc_tap_nodejs/project_2/libs/database/src/entities/service.entity.ts": {"path":"/Users/duyet/Documents/thuc_tap_nodejs/project_2/libs/database/src/entities/service.entity.ts","statementMap":{"0":{"start":{"line":1,"column":0},"end":{"line":1,"column":52}},"1":{"start":{"line":2,"column":0},"end":{"line":2,"column":58}},"2":{"start":{"line":3,"column":0},"end":{"line":3,"column":43}},"3":{"start":{"line":4,"column":0},"end":{"line":4,"column":null}},"4":{"start":{"line":10,"column":7},"end":{"line":29,"column":null}},"5":{"start":{"line":10,"column":13},"end":{"line":10,"column":20}},"6":{"start":{"line":12,"column":2},"end":{"line":12,"column":null}},"7":{"start":{"line":15,"column":2},"end":{"line":15,"column":null}},"8":{"start":{"line":22,"column":2},"end":{"line":22,"column":null}},"9":{"start":{"line":25,"column":2},"end":{"line":25,"column":null}},"10":{"start":{"line":28,"column":2},"end":{"line":28,"column":null}},"11":{"start":{"line":27,"column":19},"end":{"line":27,"column":33}},"12":{"start":{"line":27,"column":55},"end":{"line":27,"column":77}},"13":{"start":{"line":10,"column":13},"end":{"line":29,"column":null}}},"fnMap":{"0":{"name":"(anonymous_2)","decl":{"start":{"line":27,"column":13},"end":{"line":27,"column":16}},"loc":{"start":{"line":27,"column":19},"end":{"line":27,"column":33}}},"1":{"name":"(anonymous_3)","decl":{"start":{"line":27,"column":35},"end":{"line":27,"column":36}},"loc":{"start":{"line":27,"column":55},"end":{"line":27,"column":77}}}},"branchMap":{},"s":{"0":8,"1":8,"2":8,"3":8,"4":8,"5":8,"6":8,"7":8,"8":8,"9":8,"10":8,"11":0,"12":0,"13":8},"f":{"0":0,"1":0},"b":{}}
,"/Users/duyet/Documents/thuc_tap_nodejs/project_2/libs/database/src/entities/staff-shift.entity.ts": {"path":"/Users/duyet/Documents/thuc_tap_nodejs/project_2/libs/database/src/entities/staff-shift.entity.ts","statementMap":{"0":{"start":{"line":1,"column":0},"end":{"line":1,"column":64}},"1":{"start":{"line":2,"column":0},"end":{"line":2,"column":37}},"2":{"start":{"line":3,"column":0},"end":{"line":3,"column":43}},"3":{"start":{"line":4,"column":0},"end":{"line":4,"column":69}},"4":{"start":{"line":7,"column":7},"end":{"line":24,"column":null}},"5":{"start":{"line":7,"column":13},"end":{"line":7,"column":23}},"6":{"start":{"line":9,"column":2},"end":{"line":9,"column":null}},"7":{"start":{"line":12,"column":2},"end":{"line":12,"column":null}},"8":{"start":{"line":19,"column":2},"end":{"line":19,"column":null}},"9":{"start":{"line":23,"column":2},"end":{"line":23,"column":null}},"10":{"start":{"line":21,"column":19},"end":{"line":21,"column":23}},"11":{"start":{"line":21,"column":35},"end":{"line":21,"column":51}},"12":{"start":{"line":7,"column":13},"end":{"line":24,"column":null}}},"fnMap":{"0":{"name":"(anonymous_2)","decl":{"start":{"line":21,"column":13},"end":{"line":21,"column":16}},"loc":{"start":{"line":21,"column":19},"end":{"line":21,"column":23}}},"1":{"name":"(anonymous_3)","decl":{"start":{"line":21,"column":25},"end":{"line":21,"column":26}},"loc":{"start":{"line":21,"column":35},"end":{"line":21,"column":51}}}},"branchMap":{},"s":{"0":8,"1":8,"2":8,"3":8,"4":8,"5":8,"6":8,"7":8,"8":8,"9":8,"10":0,"11":0,"12":8},"f":{"0":0,"1":0},"b":{}}
,"/Users/duyet/Documents/thuc_tap_nodejs/project_2/libs/database/src/entities/user.entity.ts": {"path":"/Users/duyet/Documents/thuc_tap_nodejs/project_2/libs/database/src/entities/user.entity.ts","statementMap":{"0":{"start":{"line":1,"column":0},"end":{"line":1,"column":75}},"1":{"start":{"line":2,"column":0},"end":{"line":2,"column":37}},"2":{"start":{"line":3,"column":0},"end":{"line":3,"column":43}},"3":{"start":{"line":4,"column":0},"end":{"line":4,"column":43}},"4":{"start":{"line":5,"column":0},"end":{"line":5,"column":41}},"5":{"start":{"line":6,"column":0},"end":{"line":6,"column":50}},"6":{"start":{"line":7,"column":0},"end":{"line":7,"column":43}},"7":{"start":{"line":8,"column":0},"end":{"line":8,"column":70}},"8":{"start":{"line":11,"column":7},"end":{"line":61,"column":null}},"9":{"start":{"line":11,"column":13},"end":{"line":11,"column":17}},"10":{"start":{"line":13,"column":2},"end":{"line":13,"column":null}},"11":{"start":{"line":16,"column":2},"end":{"line":16,"column":null}},"12":{"start":{"line":19,"column":2},"end":{"line":19,"column":null}},"13":{"start":{"line":22,"column":2},"end":{"line":22,"column":null}},"14":{"start":{"line":25,"column":2},"end":{"line":25,"column":null}},"15":{"start":{"line":28,"column":2},"end":{"line":28,"column":null}},"16":{"start":{"line":35,"column":2},"end":{"line":35,"column":null}},"17":{"start":{"line":38,"column":2},"end":{"line":38,"column":null}},"18":{"start":{"line":41,"column":2},"end":{"line":41,"column":null}},"19":{"start":{"line":44,"column":2},"end":{"line":44,"column":null}},"20":{"start":{"line":48,"column":2},"end":{"line":48,"column":null}},"21":{"start":{"line":46,"column":19},"end":{"line":46,"column":23}},"22":{"start":{"line":46,"column":35},"end":{"line":46,"column":45}},"23":{"start":{"line":51,"column":2},"end":{"line":51,"column":null}},"24":{"start":{"line":50,"column":19},"end":{"line":50,"column":26}},"25":{"start":{"line":50,"column":41},"end":{"line":50,"column":53}},"26":{"start":{"line":54,"column":2},"end":{"line":54,"column":null}},"27":{"start":{"line":53,"column":19},"end":{"line":53,"column":25}},"28":{"start":{"line":53,"column":39},"end":{"line":53,"column":50}},"29":{"start":{"line":57,"column":2},"end":{"line":57,"column":null}},"30":{"start":{"line":56,"column":19},"end":{"line":56,"column":26}},"31":{"start":{"line":56,"column":41},"end":{"line":56,"column":54}},"32":{"start":{"line":60,"column":2},"end":{"line":60,"column":null}},"33":{"start":{"line":59,"column":19},"end":{"line":59,"column":29}},"34":{"start":{"line":59,"column":42},"end":{"line":59,"column":53}},"35":{"start":{"line":11,"column":13},"end":{"line":61,"column":null}}},"fnMap":{"0":{"name":"(anonymous_2)","decl":{"start":{"line":46,"column":13},"end":{"line":46,"column":16}},"loc":{"start":{"line":46,"column":19},"end":{"line":46,"column":23}}},"1":{"name":"(anonymous_3)","decl":{"start":{"line":46,"column":25},"end":{"line":46,"column":26}},"loc":{"start":{"line":46,"column":35},"end":{"line":46,"column":45}}},"2":{"name":"(anonymous_4)","decl":{"start":{"line":50,"column":13},"end":{"line":50,"column":16}},"loc":{"start":{"line":50,"column":19},"end":{"line":50,"column":26}}},"3":{"name":"(anonymous_5)","decl":{"start":{"line":50,"column":28},"end":{"line":50,"column":29}},"loc":{"start":{"line":50,"column":41},"end":{"line":50,"column":53}}},"4":{"name":"(anonymous_6)","decl":{"start":{"line":53,"column":13},"end":{"line":53,"column":16}},"loc":{"start":{"line":53,"column":19},"end":{"line":53,"column":25}}},"5":{"name":"(anonymous_7)","decl":{"start":{"line":53,"column":27},"end":{"line":53,"column":28}},"loc":{"start":{"line":53,"column":39},"end":{"line":53,"column":50}}},"6":{"name":"(anonymous_8)","decl":{"start":{"line":56,"column":13},"end":{"line":56,"column":16}},"loc":{"start":{"line":56,"column":19},"end":{"line":56,"column":26}}},"7":{"name":"(anonymous_9)","decl":{"start":{"line":56,"column":28},"end":{"line":56,"column":29}},"loc":{"start":{"line":56,"column":41},"end":{"line":56,"column":54}}},"8":{"name":"(anonymous_10)","decl":{"start":{"line":59,"column":13},"end":{"line":59,"column":16}},"loc":{"start":{"line":59,"column":19},"end":{"line":59,"column":29}}},"9":{"name":"(anonymous_11)","decl":{"start":{"line":59,"column":31},"end":{"line":59,"column":32}},"loc":{"start":{"line":59,"column":42},"end":{"line":59,"column":53}}}},"branchMap":{},"s":{"0":8,"1":8,"2":8,"3":8,"4":8,"5":8,"6":8,"7":8,"8":8,"9":8,"10":8,"11":8,"12":8,"13":8,"14":8,"15":8,"16":8,"17":8,"18":8,"19":8,"20":8,"21":0,"22":0,"23":8,"24":0,"25":0,"26":8,"27":0,"28":0,"29":8,"30":0,"31":0,"32":8,"33":0,"34":0,"35":8},"f":{"0":0,"1":0,"2":0,"3":0,"4":0,"5":0,"6":0,"7":0,"8":0,"9":0},"b":{}}
,"/Users/duyet/Documents/thuc_tap_nodejs/project_2/libs/database/src/migrations/1756437796104-InitialDatabase.ts": {"path":"/Users/duyet/Documents/thuc_tap_nodejs/project_2/libs/database/src/migrations/1756437796104-InitialDatabase.ts","statementMap":{"0":{"start":{"line":4,"column":9},"end":{"line":4,"column":39}},"1":{"start":{"line":7,"column":4},"end":{"line":17,"column":6}},"2":{"start":{"line":18,"column":4},"end":{"line":28,"column":6}},"3":{"start":{"line":29,"column":4},"end":{"line":39,"column":6}},"4":{"start":{"line":40,"column":4},"end":{"line":49,"column":6}},"5":{"start":{"line":50,"column":4},"end":{"line":67,"column":6}},"6":{"start":{"line":68,"column":4},"end":{"line":81,"column":6}},"7":{"start":{"line":82,"column":4},"end":{"line":92,"column":6}},"8":{"start":{"line":93,"column":4},"end":{"line":105,"column":6}},"9":{"start":{"line":106,"column":4},"end":{"line":117,"column":6}},"10":{"start":{"line":118,"column":4},"end":{"line":135,"column":6}},"11":{"start":{"line":136,"column":4},"end":{"line":149,"column":6}},"12":{"start":{"line":150,"column":4},"end":{"line":173,"column":6}},"13":{"start":{"line":174,"column":4},"end":{"line":187,"column":6}},"14":{"start":{"line":188,"column":4},"end":{"line":205,"column":6}},"15":{"start":{"line":206,"column":4},"end":{"line":216,"column":6}},"16":{"start":{"line":217,"column":4},"end":{"line":221,"column":6}},"17":{"start":{"line":222,"column":4},"end":{"line":226,"column":6}},"18":{"start":{"line":227,"column":4},"end":{"line":231,"column":6}},"19":{"start":{"line":232,"column":4},"end":{"line":236,"column":6}},"20":{"start":{"line":237,"column":4},"end":{"line":241,"column":6}},"21":{"start":{"line":242,"column":4},"end":{"line":246,"column":6}},"22":{"start":{"line":247,"column":4},"end":{"line":251,"column":6}},"23":{"start":{"line":252,"column":4},"end":{"line":256,"column":6}},"24":{"start":{"line":257,"column":4},"end":{"line":261,"column":6}},"25":{"start":{"line":262,"column":4},"end":{"line":266,"column":6}},"26":{"start":{"line":267,"column":4},"end":{"line":271,"column":6}},"27":{"start":{"line":272,"column":4},"end":{"line":276,"column":6}},"28":{"start":{"line":277,"column":4},"end":{"line":281,"column":6}},"29":{"start":{"line":282,"column":4},"end":{"line":286,"column":6}},"30":{"start":{"line":287,"column":4},"end":{"line":291,"column":6}},"31":{"start":{"line":292,"column":4},"end":{"line":296,"column":6}},"32":{"start":{"line":300,"column":4},"end":{"line":302,"column":6}},"33":{"start":{"line":303,"column":4},"end":{"line":305,"column":6}},"34":{"start":{"line":306,"column":4},"end":{"line":308,"column":6}},"35":{"start":{"line":309,"column":4},"end":{"line":311,"column":6}},"36":{"start":{"line":312,"column":4},"end":{"line":314,"column":6}},"37":{"start":{"line":315,"column":4},"end":{"line":317,"column":6}},"38":{"start":{"line":318,"column":4},"end":{"line":320,"column":6}},"39":{"start":{"line":321,"column":4},"end":{"line":323,"column":6}},"40":{"start":{"line":324,"column":4},"end":{"line":326,"column":6}},"41":{"start":{"line":327,"column":4},"end":{"line":329,"column":6}},"42":{"start":{"line":330,"column":4},"end":{"line":332,"column":6}},"43":{"start":{"line":333,"column":4},"end":{"line":335,"column":6}},"44":{"start":{"line":336,"column":4},"end":{"line":338,"column":6}},"45":{"start":{"line":339,"column":4},"end":{"line":341,"column":6}},"46":{"start":{"line":342,"column":4},"end":{"line":344,"column":6}},"47":{"start":{"line":345,"column":4},"end":{"line":347,"column":6}},"48":{"start":{"line":348,"column":4},"end":{"line":348,"column":59}},"49":{"start":{"line":349,"column":4},"end":{"line":351,"column":6}},"50":{"start":{"line":352,"column":4},"end":{"line":352,"column":52}},"51":{"start":{"line":353,"column":4},"end":{"line":353,"column":55}},"52":{"start":{"line":354,"column":4},"end":{"line":356,"column":6}},"53":{"start":{"line":357,"column":4},"end":{"line":359,"column":6}},"54":{"start":{"line":360,"column":4},"end":{"line":362,"column":6}},"55":{"start":{"line":363,"column":4},"end":{"line":363,"column":55}},"56":{"start":{"line":364,"column":4},"end":{"line":364,"column":62}},"57":{"start":{"line":365,"column":4},"end":{"line":367,"column":6}},"58":{"start":{"line":368,"column":4},"end":{"line":368,"column":57}},"59":{"start":{"line":369,"column":4},"end":{"line":369,"column":63}},"60":{"start":{"line":370,"column":4},"end":{"line":372,"column":6}},"61":{"start":{"line":373,"column":4},"end":{"line":373,"column":55}},"62":{"start":{"line":374,"column":4},"end":{"line":374,"column":60}},"63":{"start":{"line":375,"column":4},"end":{"line":377,"column":6}},"64":{"start":{"line":378,"column":4},"end":{"line":380,"column":6}},"65":{"start":{"line":381,"column":4},"end":{"line":381,"column":54}},"66":{"start":{"line":382,"column":4},"end":{"line":384,"column":6}},"67":{"start":{"line":385,"column":4},"end":{"line":385,"column":52}},"68":{"start":{"line":386,"column":4},"end":{"line":386,"column":61}},"69":{"start":{"line":387,"column":4},"end":{"line":389,"column":6}},"70":{"start":{"line":390,"column":4},"end":{"line":390,"column":56}},"71":{"start":{"line":391,"column":4},"end":{"line":393,"column":6}},"72":{"start":{"line":394,"column":4},"end":{"line":394,"column":57}},"73":{"start":{"line":395,"column":4},"end":{"line":397,"column":6}},"74":{"start":{"line":398,"column":4},"end":{"line":398,"column":52}},"75":{"start":{"line":3,"column":0},"end":{"line":3,"column":13}}},"fnMap":{"0":{"name":"(anonymous_0)","decl":{"start":{"line":6,"column":9},"end":{"line":6,"column":14}},"loc":{"start":{"line":6,"column":42},"end":{"line":297,"column":3}}},"1":{"name":"(anonymous_1)","decl":{"start":{"line":299,"column":9},"end":{"line":299,"column":14}},"loc":{"start":{"line":299,"column":44},"end":{"line":399,"column":3}}}},"branchMap":{},"s":{"0":0,"1":0,"2":0,"3":0,"4":0,"5":0,"6":0,"7":0,"8":0,"9":0,"10":0,"11":0,"12":0,"13":0,"14":0,"15":0,"16":0,"17":0,"18":0,"19":0,"20":0,"21":0,"22":0,"23":0,"24":0,"25":0,"26":0,"27":0,"28":0,"29":0,"30":0,"31":0,"32":0,"33":0,"34":0,"35":0,"36":0,"37":0,"38":0,"39":0,"40":0,"41":0,"42":0,"43":0,"44":0,"45":0,"46":0,"47":0,"48":0,"49":0,"50":0,"51":0,"52":0,"53":0,"54":0,"55":0,"56":0,"57":0,"58":0,"59":0,"60":0,"61":0,"62":0,"63":0,"64":0,"65":0,"66":0,"67":0,"68":0,"69":0,"70":0,"71":0,"72":0,"73":0,"74":0,"75":0},"f":{"0":0,"1":0},"b":{}}
,"/Users/duyet/Documents/thuc_tap_nodejs/project_2/libs/database/src/migrations/1756863299835-UpdateAdminUserStatus.ts": {"path":"/Users/duyet/Documents/thuc_tap_nodejs/project_2/libs/database/src/migrations/1756863299835-UpdateAdminUserStatus.ts","statementMap":{"0":{"start":{"line":4,"column":9},"end":{"line":4,"column":45}},"1":{"start":{"line":7,"column":4},"end":{"line":9,"column":6}},"2":{"start":{"line":10,"column":4},"end":{"line":12,"column":6}},"3":{"start":{"line":16,"column":4},"end":{"line":18,"column":6}},"4":{"start":{"line":19,"column":4},"end":{"line":21,"column":6}},"5":{"start":{"line":3,"column":0},"end":{"line":3,"column":13}}},"fnMap":{"0":{"name":"(anonymous_0)","decl":{"start":{"line":6,"column":9},"end":{"line":6,"column":14}},"loc":{"start":{"line":6,"column":42},"end":{"line":13,"column":3}}},"1":{"name":"(anonymous_1)","decl":{"start":{"line":15,"column":9},"end":{"line":15,"column":14}},"loc":{"start":{"line":15,"column":44},"end":{"line":22,"column":3}}}},"branchMap":{},"s":{"0":0,"1":0,"2":0,"3":0,"4":0,"5":0},"f":{"0":0,"1":0},"b":{}}
,"/Users/duyet/Documents/thuc_tap_nodejs/project_2/libs/database/src/migrations/1756863299836-UpdateAdminUserStatus.ts": {"path":"/Users/duyet/Documents/thuc_tap_nodejs/project_2/libs/database/src/migrations/1756863299836-UpdateAdminUserStatus.ts","statementMap":{"0":{"start":{"line":4,"column":9},"end":{"line":4,"column":45}},"1":{"start":{"line":8,"column":4},"end":{"line":14,"column":11}},"2":{"start":{"line":19,"column":4},"end":{"line":25,"column":11}},"3":{"start":{"line":3,"column":0},"end":{"line":3,"column":13}}},"fnMap":{"0":{"name":"(anonymous_0)","decl":{"start":{"line":6,"column":9},"end":{"line":6,"column":14}},"loc":{"start":{"line":6,"column":42},"end":{"line":15,"column":3}}},"1":{"name":"(anonymous_1)","decl":{"start":{"line":17,"column":9},"end":{"line":17,"column":14}},"loc":{"start":{"line":17,"column":44},"end":{"line":26,"column":3}}}},"branchMap":{},"s":{"0":0,"1":0,"2":0,"3":0},"f":{"0":0,"1":0},"b":{}}
,"/Users/duyet/Documents/thuc_tap_nodejs/project_2/libs/database/src/migrations/1757400608205-AddResetTokenExpiresToUser.ts": {"path":"/Users/duyet/Documents/thuc_tap_nodejs/project_2/libs/database/src/migrations/1757400608205-AddResetTokenExpiresToUser.ts","statementMap":{"0":{"start":{"line":6,"column":9},"end":{"line":6,"column":50}},"1":{"start":{"line":9,"column":4},"end":{"line":11,"column":6}},"2":{"start":{"line":14,"column":4},"end":{"line":16,"column":6}},"3":{"start":{"line":3,"column":0},"end":{"line":3,"column":13}}},"fnMap":{"0":{"name":"(anonymous_0)","decl":{"start":{"line":8,"column":9},"end":{"line":8,"column":14}},"loc":{"start":{"line":8,"column":42},"end":{"line":12,"column":3}}},"1":{"name":"(anonymous_1)","decl":{"start":{"line":13,"column":9},"end":{"line":13,"column":14}},"loc":{"start":{"line":13,"column":44},"end":{"line":17,"column":3}}}},"branchMap":{},"s":{"0":0,"1":0,"2":0,"3":0},"f":{"0":0,"1":0},"b":{}}
,"/Users/duyet/Documents/thuc_tap_nodejs/project_2/libs/database/src/migrations/1758076253713-AllowNullStaffOnInvoice.ts": {"path":"/Users/duyet/Documents/thuc_tap_nodejs/project_2/libs/database/src/migrations/1758076253713-AllowNullStaffOnInvoice.ts","statementMap":{"0":{"start":{"line":6,"column":9},"end":{"line":6,"column":47}},"1":{"start":{"line":9,"column":4},"end":{"line":11,"column":6}},"2":{"start":{"line":12,"column":4},"end":{"line":14,"column":6}},"3":{"start":{"line":15,"column":4},"end":{"line":17,"column":6}},"4":{"start":{"line":21,"column":4},"end":{"line":23,"column":6}},"5":{"start":{"line":24,"column":4},"end":{"line":26,"column":6}},"6":{"start":{"line":27,"column":4},"end":{"line":29,"column":6}},"7":{"start":{"line":3,"column":0},"end":{"line":3,"column":13}}},"fnMap":{"0":{"name":"(anonymous_0)","decl":{"start":{"line":8,"column":9},"end":{"line":8,"column":14}},"loc":{"start":{"line":8,"column":42},"end":{"line":18,"column":3}}},"1":{"name":"(anonymous_1)","decl":{"start":{"line":20,"column":9},"end":{"line":20,"column":14}},"loc":{"start":{"line":20,"column":44},"end":{"line":30,"column":3}}}},"branchMap":{},"s":{"0":0,"1":0,"2":0,"3":0,"4":0,"5":0,"6":0,"7":0},"f":{"0":0,"1":0},"b":{}}
,"/Users/duyet/Documents/thuc_tap_nodejs/project_2/libs/database/src/migrations/1758076721847-AddDefaultValueToTax.ts": {"path":"/Users/duyet/Documents/thuc_tap_nodejs/project_2/libs/database/src/migrations/1758076721847-AddDefaultValueToTax.ts","statementMap":{"0":{"start":{"line":4,"column":9},"end":{"line":4,"column":44}},"1":{"start":{"line":7,"column":4},"end":{"line":9,"column":6}},"2":{"start":{"line":13,"column":4},"end":{"line":15,"column":6}},"3":{"start":{"line":3,"column":0},"end":{"line":3,"column":13}}},"fnMap":{"0":{"name":"(anonymous_0)","decl":{"start":{"line":6,"column":9},"end":{"line":6,"column":14}},"loc":{"start":{"line":6,"column":42},"end":{"line":10,"column":3}}},"1":{"name":"(anonymous_1)","decl":{"start":{"line":12,"column":9},"end":{"line":12,"column":14}},"loc":{"start":{"line":12,"column":44},"end":{"line":16,"column":3}}}},"branchMap":{},"s":{"0":0,"1":0,"2":0,"3":0},"f":{"0":0,"1":0},"b":{}}
}
