TN:
SF:apps/auth/src/auth.controller.ts
FN:16,(anonymous_4)
FN:20,(anonymous_5)
FN:25,(anonymous_6)
FN:30,(anonymous_7)
FN:37,(anonymous_8)
FN:42,(anonymous_9)
FN:47,(anonymous_10)
FN:52,(anonymous_11)
FN:56,(anonymous_12)
FN:63,(anonymous_13)
FN:70,(anonymous_14)
FNF:11
FNH:11
FNDA:41,(anonymous_4)
FNDA:5,(anonymous_5)
FNDA:2,(anonymous_6)
FNDA:2,(anonymous_7)
FNDA:3,(anonymous_8)
FNDA:3,(anonymous_9)
FNDA:2,(anonymous_10)
FNDA:2,(anonymous_11)
FNDA:2,(anonymous_12)
FNDA:2,(anonymous_13)
FNDA:2,(anonymous_14)
DA:1,1
DA:2,1
DA:3,1
DA:15,1
DA:16,41
DA:20,1
DA:21,5
DA:25,1
DA:26,2
DA:30,1
DA:33,2
DA:37,1
DA:38,3
DA:42,1
DA:43,3
DA:47,1
DA:48,2
DA:52,1
DA:53,2
DA:56,1
DA:59,2
DA:63,1
DA:66,2
DA:70,1
DA:73,2
LF:25
LH:25
BRF:0
BRH:0
end_of_record
TN:
SF:apps/auth/src/auth.module.ts
FN:20,(anonymous_1)
FN:31,(anonymous_2)
FN:42,(anonymous_3)
FNF:3
FNH:0
FNDA:0,(anonymous_1)
FNDA:0,(anonymous_2)
FNDA:0,(anonymous_3)
DA:1,0
DA:2,0
DA:3,0
DA:4,0
DA:5,0
DA:6,0
DA:7,0
DA:8,0
DA:9,0
DA:20,0
DA:31,0
DA:42,0
DA:54,0
LF:13
LH:0
BRF:0
BRH:0
end_of_record
TN:
SF:apps/auth/src/auth.service.ts
FN:34,(anonymous_4)
FN:43,(anonymous_5)
FN:140,(anonymous_6)
FN:181,(anonymous_7)
FN:234,(anonymous_8)
FN:308,(anonymous_9)
FN:407,(anonymous_10)
FN:448,(anonymous_11)
FN:493,(anonymous_12)
FN:545,(anonymous_13)
FN:573,(anonymous_14)
FNF:11
FNH:9
FNDA:22,(anonymous_4)
FNDA:5,(anonymous_5)
FNDA:2,(anonymous_6)
FNDA:2,(anonymous_7)
FNDA:4,(anonymous_8)
FNDA:2,(anonymous_9)
FNDA:0,(anonymous_10)
FNDA:0,(anonymous_11)
FNDA:2,(anonymous_12)
FNDA:2,(anonymous_13)
FNDA:2,(anonymous_14)
DA:1,2
DA:2,2
DA:3,2
DA:4,2
DA:5,2
DA:6,2
DA:13,2
DA:14,2
DA:15,2
DA:16,2
DA:17,2
DA:22,2
DA:24,2
DA:31,2
DA:32,22
DA:36,22
DA:37,22
DA:38,22
DA:39,22
DA:40,22
DA:44,5
DA:45,5
DA:47,5
DA:48,5
DA:50,5
DA:55,5
DA:56,1
DA:57,1
DA:64,4
DA:65,1
DA:66,1
DA:73,3
DA:74,1
DA:75,1
DA:81,2
DA:82,2
DA:83,1
DA:84,1
DA:90,1
DA:97,1
DA:99,1
DA:100,1
DA:115,4
DA:116,4
DA:118,0
DA:123,0
DA:124,0
DA:125,0
DA:127,0
DA:133,0
DA:141,2
DA:143,2
DA:144,2
DA:145,2
DA:146,0
DA:152,2
DA:153,2
DA:154,1
DA:155,1
DA:161,1
DA:166,1
DA:168,1
DA:173,0
DA:174,0
DA:185,2
DA:186,2
DA:188,2
DA:189,2
DA:190,1
DA:196,1
DA:197,1
DA:199,1
DA:208,1
DA:210,1
DA:212,1
DA:218,1
DA:222,0
DA:228,1
DA:235,4
DA:236,4
DA:239,4
DA:240,4
DA:243,4
DA:244,4
DA:245,1
DA:248,1
DA:255,3
DA:258,3
DA:259,1
DA:262,1
DA:263,1
DA:266,1
DA:269,1
DA:270,0
DA:273,0
DA:274,0
DA:275,0
DA:281,1
DA:288,2
DA:289,1
DA:295,1
DA:296,1
DA:297,1
DA:300,1
DA:301,1
DA:302,1
DA:309,2
DA:310,2
DA:312,2
DA:313,2
DA:315,2
DA:320,2
DA:321,0
DA:322,0
DA:328,2
DA:329,1
DA:332,1
DA:339,1
DA:340,0
DA:341,0
DA:347,1
DA:348,1
DA:349,0
DA:350,0
DA:356,1
DA:363,1
DA:365,1
DA:366,1
DA:381,1
DA:382,1
DA:384,0
DA:390,0
DA:391,0
DA:393,0
DA:397,0
DA:400,0
DA:411,0
DA:412,0
DA:415,0
DA:416,0
DA:417,0
DA:426,0
DA:428,0
DA:434,0
DA:438,0
DA:445,0
DA:449,0
DA:451,0
DA:456,0
DA:457,0
DA:461,0
DA:462,0
DA:468,0
DA:475,0
DA:477,0
DA:497,2
DA:498,2
DA:499,2
DA:501,2
DA:502,1
DA:505,1
DA:511,1
DA:512,1
DA:513,1
DA:515,1
DA:516,1
DA:517,1
DA:520,1
DA:521,1
DA:527,1
DA:531,0
DA:537,1
DA:538,1
DA:549,2
DA:550,2
DA:552,2
DA:559,2
DA:560,1
DA:566,1
DA:577,2
DA:578,2
DA:581,2
DA:587,2
DA:588,1
DA:594,1
DA:595,1
DA:596,1
DA:597,1
DA:598,1
DA:600,1
LF:190
LH:144
BRDA:55,0,0,1
BRDA:64,1,0,1
BRDA:64,2,0,4
BRDA:64,2,1,4
BRDA:73,3,0,1
BRDA:82,4,0,1
BRDA:115,5,0,4
BRDA:145,6,0,0
BRDA:145,7,0,2
BRDA:145,7,1,2
BRDA:145,7,2,2
BRDA:153,8,0,1
BRDA:189,9,0,1
BRDA:244,10,0,1
BRDA:258,11,0,1
BRDA:260,12,0,1
BRDA:260,12,1,1
BRDA:269,13,0,0
BRDA:288,14,0,1
BRDA:320,15,0,0
BRDA:328,16,0,1
BRDA:328,17,0,2
BRDA:328,17,1,2
BRDA:339,18,0,0
BRDA:348,19,0,0
BRDA:381,20,0,1
BRDA:416,21,0,0
BRDA:456,22,0,0
BRDA:456,22,1,0
BRDA:461,23,0,0
BRDA:501,24,0,1
BRDA:559,25,0,1
BRDA:587,26,0,1
BRF:33
BRH:24
end_of_record
TN:
SF:apps/auth/src/main.ts
FN:5,bootstrap
FNF:1
FNH:0
FNDA:0,bootstrap
DA:1,0
DA:2,0
DA:3,0
DA:6,0
DA:17,0
DA:18,0
DA:25,0
LF:7
LH:0
BRDA:11,0,0,0
BRDA:11,0,1,0
BRDA:12,1,0,0
BRDA:12,1,1,0
BRDA:20,2,0,0
BRDA:20,2,1,0
BRDA:21,3,0,0
BRDA:21,3,1,0
BRF:8
BRH:0
end_of_record
TN:
SF:apps/booking/src/booking.controller.ts
FN:9,(anonymous_4)
FN:12,(anonymous_5)
FN:25,(anonymous_6)
FNF:3
FNH:3
FNDA:2,(anonymous_4)
FNDA:1,(anonymous_5)
FNDA:1,(anonymous_6)
DA:1,1
DA:2,1
DA:3,1
DA:4,1
DA:8,1
DA:9,2
DA:12,1
DA:21,1
DA:25,1
DA:26,1
LF:10
LH:10
BRF:0
BRH:0
end_of_record
TN:
SF:apps/booking/src/booking.module.ts
FN:26,(anonymous_1)
FNF:1
FNH:0
FNDA:0,(anonymous_1)
DA:1,0
DA:2,0
DA:3,0
DA:4,0
DA:5,0
DA:13,0
DA:14,0
DA:15,0
DA:26,0
DA:37,0
LF:10
LH:0
BRF:0
BRH:0
end_of_record
TN:
SF:apps/booking/src/booking.service.ts
FN:29,(anonymous_4)
FN:44,(anonymous_5)
FN:133,(anonymous_6)
FN:146,(anonymous_7)
FN:154,(anonymous_8)
FN:238,(anonymous_9)
FNF:6
FNH:6
FNDA:11,(anonymous_4)
FNDA:7,(anonymous_5)
FNDA:2,(anonymous_6)
FNDA:1,(anonymous_7)
FNDA:1,(anonymous_8)
FNDA:4,(anonymous_9)
DA:1,2
DA:2,2
DA:3,2
DA:11,2
DA:12,2
DA:19,2
DA:20,2
DA:21,2
DA:22,2
DA:26,2
DA:27,11
DA:31,11
DA:33,11
DA:34,11
DA:36,11
DA:38,11
DA:39,11
DA:40,11
DA:41,11
DA:50,7
DA:59,7
DA:61,7
DA:62,7
DA:63,7
DA:66,7
DA:67,1
DA:73,6
DA:74,1
DA:81,5
DA:82,5
DA:83,1
DA:89,4
DA:92,4
DA:93,0
DA:100,4
DA:110,4
DA:111,1
DA:118,3
DA:119,3
DA:120,3
DA:121,1
DA:128,2
DA:132,2
DA:133,2
DA:138,2
DA:139,1
DA:145,1
DA:147,1
DA:150,1
DA:153,1
DA:155,1
DA:163,1
DA:166,1
DA:167,1
DA:175,1
DA:179,1
DA:180,1
DA:181,1
DA:182,1
DA:191,1
DA:195,1
DA:204,1
DA:207,1
DA:213,1
DA:215,1
DA:218,1
DA:223,1
DA:224,1
DA:231,1
DA:239,4
DA:240,4
DA:241,4
DA:243,4
DA:244,1
DA:247,1
DA:253,3
DA:264,3
DA:265,1
DA:266,1
DA:272,2
DA:273,2
DA:275,2
DA:276,1
DA:277,1
DA:278,1
DA:279,1
DA:280,1
DA:281,1
DA:284,1
DA:285,1
DA:292,0
DA:296,1
DA:301,1
DA:309,1
DA:310,1
DA:311,1
DA:312,1
DA:313,1
DA:316,1
LF:99
LH:97
BRDA:57,0,0,0
BRDA:58,1,0,0
BRDA:66,2,0,1
BRDA:73,3,0,1
BRDA:82,4,0,1
BRDA:89,5,0,4
BRDA:89,5,1,0
BRDA:92,6,0,0
BRDA:92,7,0,4
BRDA:92,7,1,4
BRDA:110,8,0,1
BRDA:120,9,0,1
BRDA:138,10,0,1
BRDA:138,11,0,2
BRDA:138,11,1,2
BRDA:147,12,0,1
BRDA:147,12,1,0
BRDA:181,13,0,1
BRDA:181,13,1,0
BRDA:200,14,0,1
BRDA:200,14,1,0
BRDA:243,15,0,1
BRDA:264,16,0,1
BRDA:275,17,0,1
BRDA:275,17,1,1
BRF:25
BRH:18
end_of_record
TN:
SF:apps/booking/src/main.ts
FN:5,bootstrap
FNF:1
FNH:0
FNDA:0,bootstrap
DA:1,0
DA:2,0
DA:3,0
DA:6,0
DA:17,0
DA:18,0
DA:25,0
LF:7
LH:0
BRDA:11,0,0,0
BRDA:11,0,1,0
BRDA:12,1,0,0
BRDA:12,1,1,0
BRDA:20,2,0,0
BRDA:20,2,1,0
BRDA:21,3,0,0
BRDA:21,3,1,0
BRF:8
BRH:0
end_of_record
TN:
SF:apps/gateway/src/admin-room.controller.ts
FN:33,(anonymous_4)
FN:41,(anonymous_5)
FN:89,(anonymous_6)
FN:136,(anonymous_7)
FNF:4
FNH:4
FNDA:15,(anonymous_4)
FNDA:3,(anonymous_5)
FNDA:3,(anonymous_6)
FNDA:3,(anonymous_7)
DA:1,1
DA:16,1
DA:17,1
DA:18,1
DA:25,1
DA:26,1
DA:27,1
DA:32,1
DA:34,15
DA:35,15
DA:36,15
DA:41,1
DA:54,3
DA:56,3
DA:57,3
DA:58,3
DA:59,1
DA:64,1
DA:66,3
DA:73,2
DA:79,1
DA:80,1
DA:89,1
DA:103,3
DA:104,3
DA:105,3
DA:107,3
DA:108,1
DA:111,1
DA:114,3
DA:121,2
DA:127,1
DA:128,1
DA:136,1
DA:137,3
DA:139,3
DA:140,3
DA:144,1
DA:150,2
DA:151,2
LF:40
LH:40
BRDA:54,0,0,3
BRDA:54,0,1,3
BRDA:58,1,0,1
BRDA:82,2,0,1
BRDA:82,2,1,0
BRDA:103,3,0,3
BRDA:103,3,1,3
BRDA:107,4,0,1
BRDA:130,5,0,1
BRDA:130,5,1,0
BRDA:137,6,0,3
BRDA:137,6,1,3
BRDA:155,7,0,2
BRDA:155,7,1,0
BRF:14
BRH:11
end_of_record
TN:
SF:apps/gateway/src/admin-user.controller.ts
FN:41,(anonymous_4)
FN:49,(anonymous_5)
FN:56,(anonymous_6)
FN:109,(anonymous_7)
FN:167,(anonymous_8)
FNF:5
FNH:5
FNDA:21,(anonymous_4)
FNDA:1,(anonymous_5)
FNDA:3,(anonymous_6)
FNDA:2,(anonymous_7)
FNDA:2,(anonymous_8)
DA:1,1
DA:18,1
DA:19,1
DA:29,1
DA:30,1
DA:31,1
DA:32,1
DA:34,1
DA:39,1
DA:40,21
DA:42,21
DA:43,21
DA:44,21
DA:49,1
DA:50,1
DA:56,1
DA:69,3
DA:71,3
DA:72,3
DA:73,3
DA:74,1
DA:79,1
DA:82,3
DA:89,2
DA:95,1
DA:99,1
DA:109,1
DA:123,2
DA:124,2
DA:125,2
DA:127,2
DA:128,0
DA:131,0
DA:134,2
DA:148,1
DA:154,1
DA:158,1
DA:167,1
DA:168,2
DA:170,2
DA:171,2
DA:175,1
DA:181,1
DA:182,1
LF:44
LH:42
BRDA:69,0,0,3
BRDA:69,0,1,0
BRDA:73,1,0,1
BRDA:123,2,0,2
BRDA:123,2,1,0
BRDA:127,3,0,0
BRDA:140,4,0,0
BRDA:140,4,1,2
BRDA:168,5,0,2
BRDA:168,5,1,0
BRF:10
BRH:5
end_of_record
TN:
SF:apps/gateway/src/auth.controller.ts
FN:21,(anonymous_4)
FN:27,(anonymous_5)
FN:41,(anonymous_6)
FNF:3
FNH:0
FNDA:0,(anonymous_4)
FNDA:0,(anonymous_5)
FNDA:0,(anonymous_6)
DA:1,0
DA:11,0
DA:12,0
DA:13,0
DA:14,0
DA:18,0
DA:19,0
DA:22,0
DA:27,0
DA:28,0
DA:29,0
DA:30,0
DA:32,0
DA:34,0
DA:41,0
DA:42,0
DA:44,0
DA:45,0
DA:46,0
LF:19
LH:0
BRDA:29,0,0,0
BRDA:29,0,1,0
BRDA:45,1,0,0
BRDA:45,1,1,0
BRF:4
BRH:0
end_of_record
TN:
SF:apps/gateway/src/booking.controller.ts
FN:31,(anonymous_4)
FN:39,(anonymous_5)
FN:61,(anonymous_6)
FNF:3
FNH:3
FNDA:9,(anonymous_4)
FNDA:5,(anonymous_5)
FNDA:4,(anonymous_6)
DA:1,1
DA:12,1
DA:13,1
DA:15,1
DA:16,1
DA:17,1
DA:18,1
DA:19,1
DA:30,1
DA:32,9
DA:33,9
DA:34,9
DA:39,1
DA:44,5
DA:45,5
DA:46,5
DA:47,5
DA:49,5
DA:51,5
DA:57,5
DA:61,1
DA:65,4
DA:66,4
DA:67,4
DA:71,3
DA:72,1
DA:77,2
DA:78,1
DA:87,1
DA:94,1
DA:96,1
LF:31
LH:31
BRDA:44,0,0,5
BRDA:44,0,1,5
BRDA:45,1,0,5
BRDA:45,1,1,0
BRDA:46,2,0,5
BRDA:46,3,0,5
BRDA:46,3,1,0
BRDA:49,4,0,5
BRDA:49,4,1,0
BRDA:71,5,0,1
BRDA:71,5,1,2
BRDA:74,6,0,1
BRDA:74,6,1,1
BRDA:75,7,0,1
BRDA:75,7,1,0
BRDA:77,8,0,1
BRDA:77,8,1,1
BRDA:77,9,0,2
BRDA:77,9,1,1
BRDA:80,10,0,1
BRDA:80,10,1,1
BRDA:81,11,0,1
BRDA:81,11,1,1
BRF:23
BRH:19
end_of_record
TN:
SF:apps/gateway/src/gateway.controller.ts
FN:6,(anonymous_2)
FN:9,(anonymous_3)
FNF:2
FNH:0
FNDA:0,(anonymous_2)
FNDA:0,(anonymous_3)
DA:1,0
DA:2,0
DA:5,0
DA:6,0
DA:9,0
DA:10,0
LF:6
LH:0
BRF:0
BRH:0
end_of_record
TN:
SF:apps/gateway/src/gateway.module.ts
FN:29,(anonymous_1)
FNF:1
FNH:0
FNDA:0,(anonymous_1)
DA:1,0
DA:2,0
DA:3,0
DA:4,0
DA:5,0
DA:6,0
DA:7,0
DA:8,0
DA:9,0
DA:10,0
DA:11,0
DA:12,0
DA:13,0
DA:14,0
DA:15,0
DA:16,0
DA:17,0
DA:18,0
DA:19,0
DA:29,0
DA:107,0
LF:21
LH:0
BRF:0
BRH:0
end_of_record
TN:
SF:apps/gateway/src/gateway.service.ts
FN:5,(anonymous_1)
FNF:1
FNH:0
FNDA:0,(anonymous_1)
DA:1,0
DA:4,0
DA:6,0
LF:3
LH:0
BRF:0
BRH:0
end_of_record
TN:
SF:apps/gateway/src/main.ts
FN:6,bootstrap
FNF:1
FNH:0
FNDA:0,bootstrap
DA:1,0
DA:2,0
DA:3,0
DA:4,0
DA:7,0
DA:9,0
DA:10,0
DA:12,0
DA:13,0
DA:14,0
DA:16,0
LF:11
LH:0
BRDA:12,0,0,0
BRDA:12,0,1,0
BRF:2
BRH:0
end_of_record
TN:
SF:apps/gateway/src/room.controller.ts
FN:8,(anonymous_4)
FN:13,(anonymous_5)
FN:20,(anonymous_6)
FNF:3
FNH:0
FNDA:0,(anonymous_4)
FNDA:0,(anonymous_5)
FNDA:0,(anonymous_6)
DA:1,0
DA:2,0
DA:3,0
DA:4,0
DA:7,0
DA:9,0
DA:13,0
DA:16,0
DA:20,0
DA:21,0
LF:10
LH:0
BRF:0
BRH:0
end_of_record
TN:
SF:apps/gateway/src/user-auth.controller.ts
FN:31,(anonymous_4)
FN:36,(anonymous_5)
FN:43,(anonymous_6)
FN:51,(anonymous_7)
FN:63,(anonymous_8)
FN:71,(anonymous_9)
FN:75,(anonymous_10)
FN:84,(anonymous_11)
FN:93,(anonymous_12)
FN:102,(anonymous_13)
FNF:10
FNH:10
FNDA:10,(anonymous_4)
FNDA:1,(anonymous_5)
FNDA:1,(anonymous_6)
FNDA:1,(anonymous_7)
FNDA:1,(anonymous_8)
FNDA:1,(anonymous_9)
FNDA:1,(anonymous_10)
FNDA:1,(anonymous_11)
FNDA:1,(anonymous_12)
FNDA:1,(anonymous_13)
DA:1,1
DA:11,1
DA:12,1
DA:19,1
DA:20,1
DA:21,1
DA:22,1
DA:23,1
DA:24,1
DA:30,1
DA:32,10
DA:36,1
DA:37,1
DA:38,1
DA:39,1
DA:43,1
DA:44,1
DA:45,1
DA:46,1
DA:51,1
DA:52,1
DA:53,1
DA:54,1
DA:56,1
DA:63,1
DA:64,1
DA:65,1
DA:66,1
DA:71,1
DA:75,1
DA:76,1
DA:77,1
DA:78,1
DA:80,1
DA:84,1
DA:85,1
DA:86,1
DA:93,1
DA:94,1
DA:95,1
DA:102,1
DA:103,1
DA:104,1
LF:43
LH:43
BRDA:37,0,0,1
BRDA:37,0,1,0
BRDA:44,1,0,1
BRDA:44,1,1,0
BRDA:53,2,0,1
BRDA:53,2,1,0
BRDA:65,3,0,1
BRDA:65,3,1,0
BRDA:76,4,0,1
BRDA:76,4,1,0
BRDA:85,5,0,1
BRDA:85,5,1,0
BRDA:94,6,0,1
BRDA:94,6,1,0
BRDA:103,7,0,1
BRDA:103,7,1,0
BRF:16
BRH:8
end_of_record
TN:
SF:apps/gateway/src/google-auth/google-auth.guard.ts
FNF:0
FNH:0
DA:1,2
DA:2,2
DA:5,2
LF:3
LH:3
BRF:0
BRH:0
end_of_record
TN:
SF:apps/gateway/src/strategies/google.strategy.ts
FN:23,(anonymous_4)
FN:38,(anonymous_5)
FNF:2
FNH:0
FNDA:0,(anonymous_4)
FNDA:0,(anonymous_5)
DA:1,0
DA:8,0
DA:9,0
DA:14,0
DA:15,0
DA:16,0
DA:20,0
DA:21,0
DA:25,0
DA:26,0
DA:27,0
DA:29,0
DA:44,0
DA:46,0
DA:49,0
DA:50,0
DA:54,0
DA:55,0
DA:58,0
DA:67,0
LF:20
LH:0
BRDA:46,0,0,0
BRDA:46,0,1,0
BRDA:49,1,0,0
BRDA:49,2,0,0
BRDA:49,2,1,0
BRDA:49,2,2,0
BRDA:62,3,0,0
BRDA:62,3,1,0
BRF:8
BRH:0
end_of_record
TN:
SF:apps/gateway/test/app.e2e-spec.ts
FN:6,(anonymous_0)
FN:9,(anonymous_1)
FN:18,(anonymous_2)
FNF:3
FNH:0
FNDA:0,(anonymous_0)
FNDA:0,(anonymous_1)
FNDA:0,(anonymous_2)
DA:1,0
DA:3,0
DA:4,0
DA:6,0
DA:9,0
DA:10,0
DA:14,0
DA:15,0
DA:18,0
DA:20,0
LF:10
LH:0
BRF:0
BRH:0
end_of_record
TN:
SF:apps/notification/src/email.processor.ts
FN:12,(anonymous_2)
FN:18,(anonymous_3)
FN:63,(anonymous_4)
FN:109,(anonymous_5)
FN:152,(anonymous_6)
FNF:5
FNH:0
FNDA:0,(anonymous_2)
FNDA:0,(anonymous_3)
FNDA:0,(anonymous_4)
FNDA:0,(anonymous_5)
FNDA:0,(anonymous_6)
DA:1,0
DA:3,0
DA:4,0
DA:5,0
DA:9,0
DA:10,0
DA:13,0
DA:14,0
DA:18,0
DA:26,0
DA:27,0
DA:29,0
DA:30,0
DA:52,0
DA:54,0
DA:58,0
DA:63,0
DA:71,0
DA:72,0
DA:74,0
DA:75,0
DA:98,0
DA:100,0
DA:104,0
DA:109,0
DA:112,0
DA:113,0
DA:115,0
DA:116,0
DA:141,0
DA:143,0
DA:147,0
DA:152,0
DA:155,0
DA:156,0
DA:160,0
DA:161,0
DA:217,0
DA:221,0
DA:225,0
LF:40
LH:0
BRF:0
BRH:0
end_of_record
TN:
SF:apps/notification/src/main.ts
FN:5,bootstrap
FNF:1
FNH:0
FNDA:0,bootstrap
DA:1,0
DA:2,0
DA:3,0
DA:6,0
DA:8,0
DA:9,0
DA:12,0
LF:7
LH:0
BRF:0
BRH:0
end_of_record
TN:
SF:apps/notification/src/notification.controller.ts
FN:6,(anonymous_2)
FN:9,(anonymous_3)
FNF:2
FNH:0
FNDA:0,(anonymous_2)
FNDA:0,(anonymous_3)
DA:1,0
DA:2,0
DA:5,0
DA:6,0
DA:9,0
DA:10,0
LF:6
LH:0
BRF:0
BRH:0
end_of_record
TN:
SF:apps/notification/src/notification.module.ts
FN:19,(anonymous_1)
FN:29,(anonymous_2)
FNF:2
FNH:0
FNDA:0,(anonymous_1)
FNDA:0,(anonymous_2)
DA:1,0
DA:2,0
DA:3,0
DA:4,0
DA:5,0
DA:6,0
DA:7,0
DA:8,0
DA:9,0
DA:19,0
DA:29,0
DA:57,0
LF:12
LH:0
BRDA:44,0,0,0
BRDA:44,0,1,0
BRF:2
BRH:0
end_of_record
TN:
SF:apps/notification/src/notification.service.ts
FN:5,(anonymous_1)
FNF:1
FNH:0
FNDA:0,(anonymous_1)
DA:1,0
DA:4,0
DA:6,0
LF:3
LH:0
BRF:0
BRH:0
end_of_record
TN:
SF:apps/room/src/main.ts
FN:5,bootstrap
FNF:1
FNH:0
FNDA:0,bootstrap
DA:1,0
DA:2,0
DA:3,0
DA:6,0
DA:17,0
DA:18,0
DA:25,0
LF:7
LH:0
BRDA:11,0,0,0
BRDA:11,0,1,0
BRDA:12,1,0,0
BRDA:12,1,1,0
BRDA:20,2,0,0
BRDA:20,2,1,0
BRDA:21,3,0,0
BRDA:21,3,1,0
BRF:8
BRH:0
end_of_record
TN:
SF:apps/room/src/room.controller.ts
FN:9,(anonymous_4)
FN:12,(anonymous_5)
FN:17,(anonymous_6)
FN:22,(anonymous_7)
FN:34,(anonymous_8)
FN:50,(anonymous_9)
FNF:6
FNH:6
FNDA:11,(anonymous_4)
FNDA:2,(anonymous_5)
FNDA:2,(anonymous_6)
FNDA:2,(anonymous_7)
FNDA:2,(anonymous_8)
FNDA:2,(anonymous_9)
DA:1,1
DA:2,1
DA:3,1
DA:4,1
DA:8,1
DA:9,11
DA:12,1
DA:13,2
DA:17,1
DA:18,2
DA:22,1
DA:30,2
DA:34,1
DA:42,2
DA:50,1
DA:51,2
LF:16
LH:16
BRF:0
BRH:0
end_of_record
TN:
SF:apps/room/src/room.module.ts
FNF:0
FNH:0
DA:1,0
DA:2,0
DA:3,0
DA:4,0
DA:5,0
DA:6,0
DA:17,0
LF:7
LH:0
BRF:0
BRH:0
end_of_record
TN:
SF:apps/room/src/room.service.ts
FN:13,(anonymous_4)
FN:19,(anonymous_5)
FN:59,(anonymous_6)
FN:77,(anonymous_7)
FN:103,(anonymous_8)
FN:120,(anonymous_9)
FNF:6
FNH:6
FNDA:15,(anonymous_4)
FNDA:6,(anonymous_5)
FNDA:2,(anonymous_6)
FNDA:2,(anonymous_7)
FNDA:2,(anonymous_8)
FNDA:2,(anonymous_9)
DA:1,2
DA:2,2
DA:3,2
DA:4,2
DA:6,2
DA:7,2
DA:8,2
DA:11,2
DA:12,15
DA:15,15
DA:16,15
DA:26,6
DA:28,6
DA:30,6
DA:31,2
DA:37,6
DA:38,2
DA:41,6
DA:42,1
DA:47,6
DA:49,6
DA:51,5
DA:60,2
DA:70,2
DA:71,1
DA:72,1
DA:74,1
DA:82,2
DA:84,2
DA:88,2
DA:89,1
DA:95,1
DA:100,1
DA:108,2
DA:109,2
DA:110,1
DA:115,1
DA:117,1
DA:121,2
DA:122,2
DA:123,1
DA:128,1
DA:129,1
LF:43
LH:43
BRDA:21,0,0,4
BRDA:22,1,0,4
BRDA:30,2,0,2
BRDA:37,3,0,2
BRDA:41,4,0,1
BRDA:70,5,0,1
BRDA:88,6,0,1
BRDA:109,7,0,1
BRDA:122,8,0,1
BRF:9
BRH:9
end_of_record
TN:
SF:apps/upload/src/main.ts
FN:5,bootstrap
FNF:1
FNH:0
FNDA:0,bootstrap
DA:1,0
DA:2,0
DA:3,0
DA:6,0
DA:17,0
DA:18,0
DA:24,0
LF:7
LH:0
BRDA:11,0,0,0
BRDA:11,0,1,0
BRDA:12,1,0,0
BRDA:12,1,1,0
BRDA:20,2,0,0
BRDA:20,2,1,0
BRDA:21,3,0,0
BRDA:21,3,1,0
BRF:8
BRH:0
end_of_record
TN:
SF:apps/upload/src/upload.controller.ts
FN:10,(anonymous_4)
FN:16,(anonymous_5)
FNF:2
FNH:2
FNDA:5,(anonymous_4)
FNDA:4,(anonymous_5)
DA:1,1
DA:2,1
DA:3,1
DA:8,1
DA:9,5
DA:11,5
DA:12,5
DA:16,1
DA:17,4
DA:19,4
DA:20,1
DA:21,1
DA:24,3
DA:25,3
DA:26,2
DA:27,1
DA:28,1
DA:31,1
DA:33,1
DA:36,1
LF:20
LH:20
BRDA:19,0,0,1
BRDA:19,1,0,4
BRDA:19,1,1,4
BRDA:19,1,2,3
BRDA:26,2,0,1
BRDA:26,2,1,1
BRF:6
BRH:6
end_of_record
TN:
SF:apps/upload/src/upload.module.ts
FN:18,(anonymous_1)
FNF:1
FNH:0
FNDA:0,(anonymous_1)
DA:1,0
DA:2,0
DA:3,0
DA:4,0
DA:5,0
DA:6,0
DA:7,0
DA:18,0
DA:32,0
LF:9
LH:0
BRF:0
BRH:0
end_of_record
TN:
SF:apps/upload/src/upload.service.ts
FN:5,(anonymous_1)
FNF:1
FNH:0
FNDA:0,(anonymous_1)
DA:1,0
DA:4,0
DA:6,0
LF:3
LH:0
BRF:0
BRH:0
end_of_record
TN:
SF:apps/upload/src/cloudinary/cloudinary.provider.ts
FN:7,(anonymous_0)
FNF:1
FNH:0
FNDA:0,(anonymous_0)
DA:1,0
DA:2,0
DA:4,0
DA:8,0
LF:4
LH:0
BRF:0
BRH:0
end_of_record
TN:
SF:apps/upload/src/cloudinary/cloudinary.service.ts
FN:25,(anonymous_1)
FN:28,(anonymous_2)
FN:32,(anonymous_3)
FNF:3
FNH:0
FNDA:0,(anonymous_1)
FNDA:0,(anonymous_2)
FNDA:0,(anonymous_3)
DA:1,1
DA:2,1
DA:7,1
DA:24,1
DA:28,0
DA:30,0
DA:32,0
DA:33,0
DA:34,0
DA:39,0
DA:40,0
DA:48,0
DA:52,0
LF:13
LH:4
BRDA:33,0,0,0
BRDA:39,1,0,0
BRF:2
BRH:0
end_of_record
TN:
SF:apps/user/src/main.ts
FN:5,bootstrap
FNF:1
FNH:0
FNDA:0,bootstrap
DA:1,0
DA:2,0
DA:3,0
DA:6,0
DA:17,0
DA:18,0
DA:25,0
LF:7
LH:0
BRDA:11,0,0,0
BRDA:11,0,1,0
BRDA:12,1,0,0
BRDA:12,1,1,0
BRDA:20,2,0,0
BRDA:20,2,1,0
BRDA:21,3,0,0
BRDA:21,3,1,0
BRF:8
BRH:0
end_of_record
TN:
SF:apps/user/src/user.controller.ts
FN:9,(anonymous_4)
FN:12,(anonymous_5)
FN:17,(anonymous_6)
FN:29,(anonymous_7)
FN:45,(anonymous_8)
FNF:5
FNH:2
FNDA:3,(anonymous_4)
FNDA:2,(anonymous_5)
FNDA:0,(anonymous_6)
FNDA:0,(anonymous_7)
FNDA:0,(anonymous_8)
DA:1,1
DA:2,1
DA:3,1
DA:4,1
DA:8,1
DA:9,3
DA:12,1
DA:13,2
DA:17,1
DA:25,0
DA:29,1
DA:37,0
DA:45,1
DA:46,0
LF:14
LH:11
BRF:0
BRH:0
end_of_record
TN:
SF:apps/user/src/user.module.ts
FNF:0
FNH:0
DA:1,0
DA:2,0
DA:3,0
DA:4,0
DA:5,0
DA:6,0
DA:17,0
LF:7
LH:0
BRF:0
BRH:0
end_of_record
TN:
SF:apps/user/src/user.service.ts
FN:14,(anonymous_4)
FN:20,(anonymous_5)
FN:39,(anonymous_6)
FN:61,(anonymous_7)
FN:90,(anonymous_8)
FN:107,(anonymous_9)
FNF:6
FNH:5
FNDA:9,(anonymous_4)
FNDA:2,(anonymous_5)
FNDA:0,(anonymous_6)
FNDA:2,(anonymous_7)
FNDA:2,(anonymous_8)
FNDA:2,(anonymous_9)
DA:1,2
DA:2,2
DA:3,2
DA:4,2
DA:5,2
DA:7,2
DA:8,2
DA:9,2
DA:12,2
DA:13,9
DA:16,9
DA:17,9
DA:21,2
DA:23,2
DA:25,2
DA:36,2
DA:38,2
DA:39,1
DA:40,1
DA:46,2
DA:48,2
DA:50,2
DA:66,2
DA:68,2
DA:72,2
DA:73,1
DA:79,1
DA:81,1
DA:87,1
DA:95,2
DA:97,2
DA:98,1
DA:104,1
DA:108,2
DA:109,2
DA:110,1
DA:115,1
DA:116,1
LF:38
LH:38
BRDA:21,0,0,1
BRDA:21,1,0,1
BRDA:38,2,0,1
BRDA:72,3,0,1
BRDA:97,4,0,1
BRDA:109,5,0,1
BRF:6
BRH:6
end_of_record
TN:
SF:libs/common/src/common.module.ts
FN:26,(anonymous_1)
FNF:1
FNH:0
FNDA:0,(anonymous_1)
DA:1,12
DA:2,12
DA:3,12
DA:4,12
DA:5,12
DA:6,12
DA:7,12
DA:8,12
DA:26,0
DA:38,12
LF:10
LH:9
BRF:0
BRH:0
end_of_record
TN:
SF:libs/common/src/common.service.ts
FNF:0
FNH:0
DA:1,12
DA:4,12
LF:2
LH:2
BRF:0
BRH:0
end_of_record
TN:
SF:libs/common/src/index.ts
FNF:0
FNH:0
DA:1,12
DA:2,12
DA:3,12
DA:4,12
DA:5,12
DA:6,12
DA:7,12
DA:8,12
DA:9,12
DA:10,12
DA:11,12
DA:12,12
DA:13,12
DA:14,12
DA:15,12
DA:16,12
DA:17,12
DA:18,12
DA:19,12
DA:20,12
DA:21,12
DA:22,12
DA:23,12
DA:24,12
LF:24
LH:24
BRF:0
BRH:0
end_of_record
TN:
SF:libs/common/src/constants/database.constants.ts
FN:10,(anonymous_0)
FN:17,(anonymous_1)
FN:24,(anonymous_2)
FN:30,(anonymous_3)
FN:36,(anonymous_4)
FN:41,(anonymous_5)
FN:47,(anonymous_6)
FN:53,(anonymous_7)
FNF:8
FNH:8
FNDA:12,(anonymous_0)
FNDA:12,(anonymous_1)
FNDA:12,(anonymous_2)
FNDA:12,(anonymous_3)
FNDA:12,(anonymous_4)
FNDA:12,(anonymous_5)
FNDA:12,(anonymous_6)
FNDA:12,(anonymous_7)
DA:1,12
DA:2,12
DA:3,12
DA:4,12
DA:5,12
DA:6,12
DA:7,12
DA:8,12
DA:10,12
DA:11,12
DA:12,12
DA:13,12
DA:14,12
DA:17,12
DA:18,12
DA:19,12
DA:20,12
DA:21,12
DA:24,12
DA:25,12
DA:26,12
DA:27,12
DA:30,12
DA:31,12
DA:32,12
DA:33,12
DA:36,12
DA:37,12
DA:38,12
DA:41,12
DA:42,12
DA:43,12
DA:44,12
DA:47,12
DA:48,12
DA:49,12
DA:50,12
DA:53,12
DA:54,12
DA:55,12
LF:40
LH:40
BRDA:10,0,0,12
BRDA:10,0,1,12
BRDA:17,1,0,12
BRDA:17,1,1,12
BRDA:24,2,0,12
BRDA:24,2,1,12
BRDA:30,3,0,12
BRDA:30,3,1,12
BRDA:36,4,0,12
BRDA:36,4,1,12
BRDA:41,5,0,12
BRDA:41,5,1,12
BRDA:47,6,0,12
BRDA:47,6,1,12
BRDA:53,7,0,12
BRDA:53,7,1,12
BRF:16
BRH:16
end_of_record
TN:
SF:libs/common/src/decorators/parse-id.decorator.ts
FN:10,(anonymous_0)
FNF:1
FNH:0
FNDA:0,(anonymous_0)
DA:1,2
DA:6,2
DA:9,2
DA:12,0
DA:13,0
DA:14,0
DA:16,0
DA:17,0
DA:20,0
DA:21,0
DA:24,0
LF:11
LH:3
BRDA:16,0,0,0
BRDA:20,1,0,0
BRDA:20,1,1,0
BRF:3
BRH:0
end_of_record
TN:
SF:libs/common/src/decorators/roles.decorator.ts
FN:7,(anonymous_0)
FNF:1
FNH:1
FNDA:5,(anonymous_0)
DA:1,13
DA:4,13
DA:7,13
LF:3
LH:3
BRF:0
BRH:0
end_of_record
TN:
SF:libs/common/src/decorators/user.decorator.ts
FN:15,(anonymous_0)
FNF:1
FNH:0
FNDA:0,(anonymous_0)
DA:1,1
DA:6,1
DA:14,1
DA:19,0
DA:20,0
DA:21,0
DA:23,0
DA:24,0
DA:26,0
DA:27,0
DA:30,0
LF:11
LH:3
BRDA:20,0,0,0
BRDA:20,0,1,0
BRDA:23,1,0,0
BRDA:26,2,0,0
BRDA:26,2,1,0
BRDA:30,3,0,0
BRDA:30,3,1,0
BRF:7
BRH:0
end_of_record
TN:
SF:libs/common/src/dto/admin-login.dto.ts
FNF:0
FNH:0
DA:1,12
DA:9,12
DA:13,12
DA:19,12
LF:4
LH:4
BRF:0
BRH:0
end_of_record
TN:
SF:libs/common/src/dto/create-booking.dto.ts
FN:28,(anonymous_2)
FN:33,(anonymous_3)
FNF:2
FNH:0
FNDA:0,(anonymous_2)
FNDA:0,(anonymous_3)
DA:1,12
DA:2,12
DA:12,12
DA:14,12
DA:18,12
DA:22,12
DA:26,12
DA:28,0
DA:31,12
DA:33,0
DA:37,12
DA:42,12
DA:47,12
DA:52,12
LF:14
LH:12
BRF:0
BRH:0
end_of_record
TN:
SF:libs/common/src/dto/create-room.dto.ts
FN:17,(anonymous_2)
FN:22,(anonymous_3)
FN:34,(anonymous_4)
FN:42,(anonymous_5)
FNF:4
FNH:4
FNDA:5,(anonymous_2)
FNDA:5,(anonymous_3)
FNDA:5,(anonymous_4)
FNDA:5,(anonymous_5)
DA:1,12
DA:10,12
DA:12,12
DA:15,12
DA:17,5
DA:20,12
DA:23,5
DA:24,5
DA:25,5
DA:28,12
DA:32,12
DA:34,5
DA:36,12
DA:40,12
DA:42,5
DA:45,12
LF:16
LH:16
BRDA:23,0,0,0
BRDA:24,1,0,0
BRF:2
BRH:0
end_of_record
TN:
SF:libs/common/src/dto/create-user.dto.ts
FN:36,(anonymous_2)
FN:45,(anonymous_3)
FNF:2
FNH:1
FNDA:3,(anonymous_2)
FNDA:0,(anonymous_3)
DA:1,12
DA:12,12
DA:13,12
DA:15,12
DA:19,12
DA:24,12
DA:30,12
DA:34,12
DA:36,3
DA:39,12
DA:43,12
DA:45,0
DA:48,12
LF:13
LH:12
BRF:0
BRH:0
end_of_record
TN:
SF:libs/common/src/dto/forgot-password.dto.ts
FNF:0
FNH:0
DA:1,12
DA:3,12
DA:6,12
LF:3
LH:3
BRF:0
BRH:0
end_of_record
TN:
SF:libs/common/src/dto/list-room.dto.ts
FN:14,(anonymous_2)
FN:20,(anonymous_3)
FN:31,(anonymous_4)
FN:36,(anonymous_5)
FNF:4
FNH:0
FNDA:0,(anonymous_2)
FNDA:0,(anonymous_3)
FNDA:0,(anonymous_4)
FNDA:0,(anonymous_5)
DA:1,12
DA:2,12
DA:10,12
DA:12,12
DA:14,0
DA:17,12
DA:20,0
DA:24,12
DA:28,12
DA:31,0
DA:33,12
DA:37,0
DA:38,0
DA:39,0
DA:42,12
LF:15
LH:9
BRDA:37,0,0,0
BRDA:38,1,0,0
BRF:2
BRH:0
end_of_record
TN:
SF:libs/common/src/dto/list-user.dto.ts
FN:14,(anonymous_2)
FN:20,(anonymous_3)
FNF:2
FNH:2
FNDA:2,(anonymous_2)
FNDA:2,(anonymous_3)
DA:1,12
DA:2,12
DA:10,12
DA:12,12
DA:14,2
DA:17,12
DA:20,2
DA:24,12
DA:29,12
LF:9
LH:9
BRF:0
BRH:0
end_of_record
TN:
SF:libs/common/src/dto/oauth-user.dto.ts
FNF:0
FNH:0
DA:1,0
DA:10,0
DA:13,0
DA:18,0
DA:22,0
LF:5
LH:0
BRF:0
BRH:0
end_of_record
TN:
SF:libs/common/src/dto/register-user.dto.ts
FNF:0
FNH:0
DA:1,12
DA:9,12
DA:13,12
DA:18,12
DA:24,12
LF:5
LH:5
BRF:0
BRH:0
end_of_record
TN:
SF:libs/common/src/dto/reset-password.dto.ts
FNF:0
FNH:0
DA:1,12
DA:3,12
DA:6,12
DA:12,12
LF:4
LH:4
BRF:0
BRH:0
end_of_record
TN:
SF:libs/common/src/dto/token-active.dto.ts
FNF:0
FNH:0
DA:1,12
DA:3,12
DA:6,12
LF:3
LH:3
BRF:0
BRH:0
end_of_record
TN:
SF:libs/common/src/dto/update-room.dto.ts
FNF:0
FNH:0
DA:1,12
DA:2,12
DA:4,12
LF:3
LH:3
BRF:0
BRH:0
end_of_record
TN:
SF:libs/common/src/dto/update-user.dto.ts
FNF:0
FNH:0
DA:1,12
DA:2,12
DA:4,12
LF:3
LH:3
BRF:0
BRH:0
end_of_record
TN:
SF:libs/common/src/dto/user-login.dto.ts
FNF:0
FNH:0
DA:1,12
DA:9,12
DA:13,12
DA:19,12
LF:4
LH:4
BRF:0
BRH:0
end_of_record
TN:
SF:libs/common/src/dto/verify-token.dto.ts
FNF:0
FNH:0
DA:1,12
DA:3,12
DA:6,12
LF:3
LH:3
BRF:0
BRH:0
end_of_record
TN:
SF:libs/common/src/dto/vnpay-return.dto.ts
FNF:0
FNH:0
DA:1,12
DA:3,12
DA:4,12
DA:5,12
DA:6,12
DA:7,12
DA:8,12
DA:9,12
DA:10,12
DA:11,12
DA:12,12
DA:13,12
DA:14,12
DA:15,12
LF:14
LH:14
BRF:0
BRH:0
end_of_record
TN:
SF:libs/common/src/filters/http-exception.filter.ts
FN:18,(anonymous_1)
FN:37,(anonymous_2)
FNF:2
FNH:0
FNDA:0,(anonymous_1)
FNDA:0,(anonymous_2)
DA:1,12
DA:7,12
DA:8,12
DA:17,12
DA:19,0
DA:21,0
DA:22,0
DA:24,0
DA:30,0
DA:31,0
DA:32,0
DA:33,0
DA:34,0
DA:37,0
LF:14
LH:4
BRDA:24,0,0,0
BRDA:24,0,1,0
BRDA:25,1,0,0
BRDA:25,1,1,0
BRDA:25,1,2,0
BRDA:25,1,3,0
BRDA:33,2,0,0
BRF:7
BRH:0
end_of_record
TN:
SF:libs/common/src/guards/jwt-auth.guard.ts
FN:21,(anonymous_4)
FN:27,(anonymous_5)
FN:58,(anonymous_6)
FNF:3
FNH:0
FNDA:0,(anonymous_4)
FNDA:0,(anonymous_5)
FNDA:0,(anonymous_6)
DA:1,12
DA:8,12
DA:9,12
DA:10,12
DA:20,12
DA:22,0
DA:23,0
DA:24,0
DA:28,0
DA:29,0
DA:31,0
DA:32,0
DA:35,0
DA:36,0
DA:40,0
DA:41,0
DA:44,0
DA:47,0
DA:48,0
DA:51,0
DA:53,0
DA:55,0
DA:59,0
DA:60,0
LF:24
LH:5
BRDA:31,0,0,0
BRDA:40,1,0,0
BRDA:47,2,0,0
BRDA:59,3,0,0
BRDA:59,3,1,0
BRDA:60,4,0,0
BRDA:60,4,1,0
BRF:7
BRH:0
end_of_record
TN:
SF:libs/common/src/guards/roles.guard.ts
FN:8,(anonymous_2)
FN:10,(anonymous_3)
FNF:2
FNH:2
FNDA:7,(anonymous_2)
FNDA:7,(anonymous_3)
DA:1,13
DA:2,13
DA:3,13
DA:7,13
DA:8,7
DA:12,7
DA:18,7
DA:19,1
DA:23,6
DA:25,6
DA:26,1
DA:29,5
LF:12
LH:12
BRDA:18,0,0,1
BRDA:25,1,0,1
BRF:2
BRH:2
end_of_record
TN:
SF:libs/common/src/interceptors/rpc-error.interceptor.ts
FN:16,(anonymous_1)
FN:18,(anonymous_2)
FN:20,(anonymous_3)
FN:30,(anonymous_4)
FN:35,(anonymous_5)
FNF:5
FNH:0
FNDA:0,(anonymous_1)
FNDA:0,(anonymous_2)
FNDA:0,(anonymous_3)
FNDA:0,(anonymous_4)
FNDA:0,(anonymous_5)
DA:1,12
DA:9,12
DA:10,12
DA:13,12
DA:14,41
DA:17,0
DA:19,0
DA:20,0
DA:22,0
DA:28,0
DA:29,0
DA:30,0
DA:33,0
DA:34,0
DA:35,0
LF:15
LH:5
BRDA:19,0,0,0
BRDA:22,1,0,0
BRDA:23,2,0,0
BRDA:23,2,1,0
BRDA:23,2,2,0
BRDA:23,2,3,0
BRF:6
BRH:0
end_of_record
TN:
SF:libs/common/src/pipes/i18n-validation.pipe.ts
FN:14,(anonymous_2)
FN:20,(anonymous_3)
FN:34,(anonymous_4)
FN:35,(anonymous_5)
FN:37,(anonymous_6)
FNF:5
FNH:0
FNDA:0,(anonymous_2)
FNDA:0,(anonymous_3)
FNDA:0,(anonymous_4)
FNDA:0,(anonymous_5)
FNDA:0,(anonymous_6)
DA:1,0
DA:7,0
DA:10,0
DA:16,0
DA:19,0
DA:23,0
DA:24,0
DA:35,0
DA:37,0
DA:39,0
DA:46,0
LF:11
LH:0
BRDA:37,0,0,0
BRDA:37,0,1,0
BRDA:42,1,0,0
BRDA:42,1,1,0
BRF:4
BRH:0
end_of_record
TN:
SF:libs/common/vnpay/vnpay.service.ts
FN:19,(anonymous_2)
FN:46,(anonymous_3)
FN:116,(anonymous_4)
FN:138,(anonymous_5)
FNF:4
FNH:0
FNDA:0,(anonymous_2)
FNDA:0,(anonymous_3)
FNDA:0,(anonymous_4)
FNDA:0,(anonymous_5)
DA:1,12
DA:6,12
DA:7,12
DA:8,12
DA:12,12
DA:13,0
DA:19,0
DA:21,0
DA:22,0
DA:23,0
DA:24,0
DA:26,0
DA:27,0
DA:28,0
DA:30,0
DA:31,0
DA:32,0
DA:34,0
DA:35,0
DA:36,0
DA:38,0
DA:39,0
DA:40,0
DA:41,0
DA:43,0
DA:53,0
DA:54,0
DA:64,0
DA:65,0
DA:66,0
DA:68,0
DA:69,0
DA:70,0
DA:73,0
DA:79,0
DA:80,0
DA:81,0
DA:82,0
DA:84,0
DA:100,0
DA:103,0
DA:104,0
DA:105,0
DA:106,0
DA:109,0
DA:110,0
DA:111,0
DA:113,0
DA:117,0
DA:120,0
DA:123,0
DA:124,0
DA:126,0
DA:127,0
DA:128,0
DA:129,0
DA:131,0
DA:135,0
DA:141,0
DA:142,0
DA:143,0
DA:144,0
DA:146,0
LF:63
LH:5
BRDA:21,0,0,0
BRDA:21,0,1,0
BRDA:22,1,0,0
BRDA:22,1,1,0
BRDA:23,2,0,0
BRDA:23,2,1,0
BRDA:24,3,0,0
BRDA:24,3,1,0
BRDA:26,4,0,0
BRDA:30,5,0,0
BRDA:34,6,0,0
BRDA:38,7,0,0
BRDA:69,8,0,0
BRDA:69,9,0,0
BRDA:69,9,1,0
BRF:15
BRH:0
end_of_record
TN:
SF:libs/config/google-oauth.config.ts
FN:3,(anonymous_0)
FNF:1
FNH:0
FNDA:0,(anonymous_0)
DA:1,0
DA:3,0
LF:2
LH:0
BRF:0
BRH:0
end_of_record
TN:
SF:libs/database/src/database.module.ts
FN:25,(anonymous_1)
FNF:1
FNH:0
FNDA:0,(anonymous_1)
DA:1,8
DA:2,8
DA:3,8
DA:4,8
DA:5,8
DA:6,8
DA:25,0
DA:45,8
LF:8
LH:7
BRF:0
BRH:0
end_of_record
TN:
SF:libs/database/src/database.service.ts
FNF:0
FNH:0
DA:1,9
DA:4,9
LF:2
LH:2
BRF:0
BRH:0
end_of_record
TN:
SF:libs/database/src/index.ts
FNF:0
FNH:0
DA:1,8
DA:2,8
DA:5,8
DA:6,8
DA:7,8
DA:8,8
DA:9,8
DA:10,8
DA:11,8
DA:12,8
DA:13,8
DA:14,8
DA:15,8
DA:16,8
DA:17,8
DA:18,8
DA:19,8
LF:17
LH:17
BRF:0
BRH:0
end_of_record
TN:
SF:libs/database/src/entities/amenity.entity.ts
FN:13,(anonymous_2)
FN:13,(anonymous_3)
FNF:2
FNH:0
FNDA:0,(anonymous_2)
FNDA:0,(anonymous_3)
DA:1,8
DA:2,8
DA:3,8
DA:6,8
DA:8,8
DA:11,8
DA:13,0
DA:14,8
LF:8
LH:7
BRF:0
BRH:0
end_of_record
TN:
SF:libs/database/src/entities/base.entity.ts
FNF:0
FNH:0
DA:1,8
DA:6,8
DA:8,8
DA:11,8
DA:14,8
LF:5
LH:5
BRF:0
BRH:0
end_of_record
TN:
SF:libs/database/src/entities/booking-room.entity.ts
FN:26,(anonymous_2)
FN:26,(anonymous_3)
FN:30,(anonymous_4)
FN:30,(anonymous_5)
FN:34,(anonymous_6)
FN:34,(anonymous_7)
FNF:6
FNH:0
FNDA:0,(anonymous_2)
FNDA:0,(anonymous_3)
FNDA:0,(anonymous_4)
FNDA:0,(anonymous_5)
FNDA:0,(anonymous_6)
FNDA:0,(anonymous_7)
DA:1,8
DA:2,8
DA:3,8
DA:4,8
DA:5,8
DA:6,8
DA:12,8
DA:14,8
DA:17,8
DA:24,8
DA:26,0
DA:28,8
DA:30,0
DA:32,8
DA:34,0
DA:35,8
LF:16
LH:13
BRF:0
BRH:0
end_of_record
TN:
SF:libs/database/src/entities/booking-service.entity.ts
FN:28,(anonymous_2)
FN:28,(anonymous_3)
FN:32,(anonymous_4)
FN:32,(anonymous_5)
FNF:4
FNH:0
FNDA:0,(anonymous_2)
FNDA:0,(anonymous_3)
FNDA:0,(anonymous_4)
FNDA:0,(anonymous_5)
DA:1,8
DA:2,8
DA:3,8
DA:4,8
DA:8,8
DA:11,8
DA:13,8
DA:16,8
DA:19,8
DA:26,8
DA:28,0
DA:30,8
DA:32,0
DA:34,8
LF:14
LH:12
BRF:0
BRH:0
end_of_record
TN:
SF:libs/database/src/entities/booking.entity.ts
FN:40,(anonymous_2)
FN:40,(anonymous_3)
FN:44,(anonymous_4)
FN:44,(anonymous_5)
FN:47,(anonymous_6)
FN:47,(anonymous_7)
FN:50,(anonymous_8)
FN:50,(anonymous_9)
FNF:8
FNH:0
FNDA:0,(anonymous_2)
FNDA:0,(anonymous_3)
FNDA:0,(anonymous_4)
FNDA:0,(anonymous_5)
FNDA:0,(anonymous_6)
FNDA:0,(anonymous_7)
FNDA:0,(anonymous_8)
FNDA:0,(anonymous_9)
DA:1,8
DA:9,8
DA:10,8
DA:11,8
DA:12,8
DA:13,8
DA:14,8
DA:17,8
DA:19,8
DA:22,8
DA:25,8
DA:28,8
DA:31,8
DA:38,8
DA:40,0
DA:42,8
DA:44,0
DA:45,8
DA:47,0
DA:48,8
DA:50,0
DA:51,8
LF:22
LH:18
BRF:0
BRH:0
end_of_record
TN:
SF:libs/database/src/entities/index.ts
FN:2,(anonymous_0)
FN:3,(anonymous_1)
FN:4,(anonymous_2)
FN:5,(anonymous_3)
FN:6,(anonymous_4)
FN:7,(anonymous_5)
FN:8,(anonymous_6)
FN:9,(anonymous_7)
FN:10,(anonymous_8)
FN:11,(anonymous_9)
FN:12,(anonymous_10)
FN:13,(anonymous_11)
FN:14,(anonymous_12)
FN:15,(anonymous_13)
FN:16,(anonymous_14)
FNF:15
FNH:0
FNDA:0,(anonymous_0)
FNDA:0,(anonymous_1)
FNDA:0,(anonymous_2)
FNDA:0,(anonymous_3)
FNDA:0,(anonymous_4)
FNDA:0,(anonymous_5)
FNDA:0,(anonymous_6)
FNDA:0,(anonymous_7)
FNDA:0,(anonymous_8)
FNDA:0,(anonymous_9)
FNDA:0,(anonymous_10)
FNDA:0,(anonymous_11)
FNDA:0,(anonymous_12)
FNDA:0,(anonymous_13)
FNDA:0,(anonymous_14)
DA:2,8
DA:3,8
DA:4,8
DA:5,8
DA:6,8
DA:7,8
DA:8,8
DA:9,8
DA:10,8
DA:11,8
DA:12,8
DA:13,8
DA:14,8
DA:15,8
DA:16,8
LF:15
LH:15
BRF:0
BRH:0
end_of_record
TN:
SF:libs/database/src/entities/invoice-detail.entity.ts
FN:41,(anonymous_2)
FN:41,(anonymous_3)
FNF:2
FNH:0
FNDA:0,(anonymous_2)
FNDA:0,(anonymous_3)
DA:1,8
DA:2,8
DA:3,8
DA:4,8
DA:8,8
DA:11,8
DA:13,8
DA:16,8
DA:22,8
DA:25,8
DA:32,8
DA:39,8
DA:41,0
DA:43,8
LF:14
LH:13
BRF:0
BRH:0
end_of_record
TN:
SF:libs/database/src/entities/invoice.entity.ts
FN:89,(anonymous_2)
FN:89,(anonymous_3)
FN:93,(anonymous_4)
FN:93,(anonymous_5)
FN:97,(anonymous_6)
FN:97,(anonymous_7)
FN:101,(anonymous_8)
FN:101,(anonymous_9)
FNF:8
FNH:0
FNDA:0,(anonymous_2)
FNDA:0,(anonymous_3)
FNDA:0,(anonymous_4)
FNDA:0,(anonymous_5)
FNDA:0,(anonymous_6)
FNDA:0,(anonymous_7)
FNDA:0,(anonymous_8)
FNDA:0,(anonymous_9)
DA:1,8
DA:9,8
DA:10,8
DA:11,8
DA:12,8
DA:13,8
DA:17,8
DA:18,8
DA:24,8
DA:26,8
DA:29,8
DA:32,8
DA:39,8
DA:42,8
DA:50,8
DA:58,8
DA:65,8
DA:71,8
DA:78,8
DA:81,8
DA:84,8
DA:87,8
DA:89,0
DA:91,8
DA:93,0
DA:95,8
DA:97,0
DA:99,8
DA:101,0
DA:102,8
LF:30
LH:26
BRF:0
BRH:0
end_of_record
TN:
SF:libs/database/src/entities/promotion.entity.ts
FN:58,(anonymous_2)
FN:58,(anonymous_3)
FNF:2
FNH:0
FNDA:0,(anonymous_2)
FNDA:0,(anonymous_3)
DA:1,8
DA:2,8
DA:3,8
DA:4,8
DA:8,8
DA:11,8
DA:13,8
DA:16,8
DA:24,8
DA:31,8
DA:39,8
DA:47,8
DA:50,8
DA:53,8
DA:56,8
DA:58,0
DA:59,8
LF:17
LH:16
BRF:0
BRH:0
end_of_record
TN:
SF:libs/database/src/entities/review.entity.ts
FN:20,(anonymous_2)
FN:20,(anonymous_3)
FN:24,(anonymous_4)
FN:24,(anonymous_5)
FNF:4
FNH:0
FNDA:0,(anonymous_2)
FNDA:0,(anonymous_3)
FNDA:0,(anonymous_4)
FNDA:0,(anonymous_5)
DA:1,8
DA:2,8
DA:3,8
DA:4,8
DA:7,8
DA:9,8
DA:12,8
DA:15,8
DA:18,8
DA:20,0
DA:22,8
DA:24,0
DA:26,8
LF:13
LH:11
BRF:0
BRH:0
end_of_record
TN:
SF:libs/database/src/entities/role.entity.ts
FN:13,(anonymous_2)
FN:13,(anonymous_3)
FNF:2
FNH:0
FNDA:0,(anonymous_2)
FNDA:0,(anonymous_3)
DA:1,8
DA:2,8
DA:3,8
DA:6,8
DA:8,8
DA:11,8
DA:13,0
DA:14,8
LF:8
LH:7
BRF:0
BRH:0
end_of_record
TN:
SF:libs/database/src/entities/room-amenity.entity.ts
FN:14,(anonymous_2)
FN:14,(anonymous_3)
FN:18,(anonymous_4)
FN:18,(anonymous_5)
FNF:4
FNH:0
FNDA:0,(anonymous_2)
FNDA:0,(anonymous_3)
FNDA:0,(anonymous_4)
FNDA:0,(anonymous_5)
DA:1,8
DA:2,8
DA:3,8
DA:4,8
DA:7,8
DA:9,8
DA:12,8
DA:14,0
DA:16,8
DA:18,0
DA:20,8
LF:11
LH:9
BRF:0
BRH:0
end_of_record
TN:
SF:libs/database/src/entities/room-type.entity.ts
FN:13,(anonymous_2)
FN:13,(anonymous_3)
FNF:2
FNH:0
FNDA:0,(anonymous_2)
FNDA:0,(anonymous_3)
DA:1,8
DA:2,8
DA:3,8
DA:6,8
DA:8,8
DA:11,8
DA:13,0
DA:14,8
LF:8
LH:7
BRF:0
BRH:0
end_of_record
TN:
SF:libs/database/src/entities/room.entity.ts
FN:49,(anonymous_2)
FN:49,(anonymous_3)
FN:53,(anonymous_4)
FN:53,(anonymous_5)
FN:56,(anonymous_6)
FN:56,(anonymous_7)
FNF:6
FNH:0
FNDA:0,(anonymous_2)
FNDA:0,(anonymous_3)
FNDA:0,(anonymous_4)
FNDA:0,(anonymous_5)
FNDA:0,(anonymous_6)
FNDA:0,(anonymous_7)
DA:1,8
DA:2,8
DA:3,8
DA:4,8
DA:5,8
DA:9,8
DA:10,8
DA:13,8
DA:15,8
DA:18,8
DA:21,8
DA:24,8
DA:27,8
DA:30,8
DA:37,8
DA:40,8
DA:47,8
DA:49,0
DA:51,8
DA:53,0
DA:54,8
DA:56,0
DA:57,8
LF:23
LH:20
BRF:0
BRH:0
end_of_record
TN:
SF:libs/database/src/entities/service.entity.ts
FN:27,(anonymous_2)
FN:27,(anonymous_3)
FNF:2
FNH:0
FNDA:0,(anonymous_2)
FNDA:0,(anonymous_3)
DA:1,8
DA:2,8
DA:3,8
DA:4,8
DA:10,8
DA:12,8
DA:15,8
DA:22,8
DA:25,8
DA:27,0
DA:28,8
LF:11
LH:10
BRF:0
BRH:0
end_of_record
TN:
SF:libs/database/src/entities/staff-shift.entity.ts
FN:21,(anonymous_2)
FN:21,(anonymous_3)
FNF:2
FNH:0
FNDA:0,(anonymous_2)
FNDA:0,(anonymous_3)
DA:1,8
DA:2,8
DA:3,8
DA:4,8
DA:7,8
DA:9,8
DA:12,8
DA:19,8
DA:21,0
DA:23,8
LF:10
LH:9
BRF:0
BRH:0
end_of_record
TN:
SF:libs/database/src/entities/user.entity.ts
FN:46,(anonymous_2)
FN:46,(anonymous_3)
FN:50,(anonymous_4)
FN:50,(anonymous_5)
FN:53,(anonymous_6)
FN:53,(anonymous_7)
FN:56,(anonymous_8)
FN:56,(anonymous_9)
FN:59,(anonymous_10)
FN:59,(anonymous_11)
FNF:10
FNH:0
FNDA:0,(anonymous_2)
FNDA:0,(anonymous_3)
FNDA:0,(anonymous_4)
FNDA:0,(anonymous_5)
FNDA:0,(anonymous_6)
FNDA:0,(anonymous_7)
FNDA:0,(anonymous_8)
FNDA:0,(anonymous_9)
FNDA:0,(anonymous_10)
FNDA:0,(anonymous_11)
DA:1,8
DA:2,8
DA:3,8
DA:4,8
DA:5,8
DA:6,8
DA:7,8
DA:8,8
DA:11,8
DA:13,8
DA:16,8
DA:19,8
DA:22,8
DA:25,8
DA:28,8
DA:35,8
DA:38,8
DA:41,8
DA:44,8
DA:46,0
DA:48,8
DA:50,0
DA:51,8
DA:53,0
DA:54,8
DA:56,0
DA:57,8
DA:59,0
DA:60,8
LF:29
LH:24
BRF:0
BRH:0
end_of_record
TN:
SF:libs/database/src/migrations/1756437796104-InitialDatabase.ts
FN:6,(anonymous_0)
FN:299,(anonymous_1)
FNF:2
FNH:0
FNDA:0,(anonymous_0)
FNDA:0,(anonymous_1)
DA:3,0
DA:4,0
DA:7,0
DA:18,0
DA:29,0
DA:40,0
DA:50,0
DA:68,0
DA:82,0
DA:93,0
DA:106,0
DA:118,0
DA:136,0
DA:150,0
DA:174,0
DA:188,0
DA:206,0
DA:217,0
DA:222,0
DA:227,0
DA:232,0
DA:237,0
DA:242,0
DA:247,0
DA:252,0
DA:257,0
DA:262,0
DA:267,0
DA:272,0
DA:277,0
DA:282,0
DA:287,0
DA:292,0
DA:300,0
DA:303,0
DA:306,0
DA:309,0
DA:312,0
DA:315,0
DA:318,0
DA:321,0
DA:324,0
DA:327,0
DA:330,0
DA:333,0
DA:336,0
DA:339,0
DA:342,0
DA:345,0
DA:348,0
DA:349,0
DA:352,0
DA:353,0
DA:354,0
DA:357,0
DA:360,0
DA:363,0
DA:364,0
DA:365,0
DA:368,0
DA:369,0
DA:370,0
DA:373,0
DA:374,0
DA:375,0
DA:378,0
DA:381,0
DA:382,0
DA:385,0
DA:386,0
DA:387,0
DA:390,0
DA:391,0
DA:394,0
DA:395,0
DA:398,0
LF:76
LH:0
BRF:0
BRH:0
end_of_record
TN:
SF:libs/database/src/migrations/1756863299835-UpdateAdminUserStatus.ts
FN:6,(anonymous_0)
FN:15,(anonymous_1)
FNF:2
FNH:0
FNDA:0,(anonymous_0)
FNDA:0,(anonymous_1)
DA:3,0
DA:4,0
DA:7,0
DA:10,0
DA:16,0
DA:19,0
LF:6
LH:0
BRF:0
BRH:0
end_of_record
TN:
SF:libs/database/src/migrations/1756863299836-UpdateAdminUserStatus.ts
FN:6,(anonymous_0)
FN:17,(anonymous_1)
FNF:2
FNH:0
FNDA:0,(anonymous_0)
FNDA:0,(anonymous_1)
DA:3,0
DA:4,0
DA:8,0
DA:19,0
LF:4
LH:0
BRF:0
BRH:0
end_of_record
TN:
SF:libs/database/src/migrations/1757400608205-AddResetTokenExpiresToUser.ts
FN:8,(anonymous_0)
FN:13,(anonymous_1)
FNF:2
FNH:0
FNDA:0,(anonymous_0)
FNDA:0,(anonymous_1)
DA:3,0
DA:6,0
DA:9,0
DA:14,0
LF:4
LH:0
BRF:0
BRH:0
end_of_record
TN:
SF:libs/database/src/migrations/1758076253713-AllowNullStaffOnInvoice.ts
FN:8,(anonymous_0)
FN:20,(anonymous_1)
FNF:2
FNH:0
FNDA:0,(anonymous_0)
FNDA:0,(anonymous_1)
DA:3,0
DA:6,0
DA:9,0
DA:12,0
DA:15,0
DA:21,0
DA:24,0
DA:27,0
LF:8
LH:0
BRF:0
BRH:0
end_of_record
TN:
SF:libs/database/src/migrations/1758076721847-AddDefaultValueToTax.ts
FN:6,(anonymous_0)
FN:12,(anonymous_1)
FNF:2
FNH:0
FNDA:0,(anonymous_0)
FNDA:0,(anonymous_1)
DA:3,0
DA:4,0
DA:7,0
DA:13,0
LF:4
LH:0
BRF:0
BRH:0
end_of_record
